===========================================================================
         ________    _________   _______       __     _________            
        |        |\ |        |\ |       \\    |  |\  /         \\          
        |    ____|| |    ____|| |    __  ||   |__|| |    ___    ||         
        |   |\___\| |   |\___\| |   |\_| ||    \_\| |   //  \   ||         
        |   ||__    |   ||__    |   ||_| ||   |  |\ |  ||    |  ||         
        |       |\  |       |\  |         \\  |  || |  ||    |  ||         
        |    ___||  |    ___||  |    ___   || |  || |  ||    |  ||         
        |   |\__\|  |   |\__\|  |   |\__|  || |  || |  ||    |  ||         
        |   ||      |   ||___   |   ||__|  || |  || |   \\__/   ||         
        |   ||      |        |\ |          || |  || |           ||         
        |___||      |________|| |_________//  |__||  \_________//          
                                                                           
      F I N I T E   E L E M E N T S   F O R   B I O M E C H A N I C S      
                                                                           
  version 4.4.0
  FEBio is a registered trademark.                                         
  copyright (c) 2006-2023 - All rights reserved                            
                                                                           
===========================================================================





 FILES USED
===========================================================================
	Input file : shear_xz.feb
	Plot file  : shear_xz.xplt
	Log file   : shear_xz.log


 MESH INFO
===========================================================================
	Number of materials ............................ : 1
	Number of domains .............................. : 1
	Number of nodes ................................ : 2646
	Number of solid elements ....................... : 2000


 MODULE
===========================================================================
	Module type ....................................... : solid


 CONTROL DATA
===========================================================================
	analysis .......................................... : STATIC (0)
	time_steps ........................................ : 10
	step_size ......................................... : 0.1
	plot_zero_state ................................... : no (0)
	plot_range ........................................ : 0,-1
	plot_level ........................................ : PLOT_MAJOR_ITRS (1)
	output_level ...................................... : OUTPUT_MAJOR_ITRS (1)
	plot_stride ....................................... : 1
	adaptor_re_solve .................................. : yes (1)
	Auto time stepper activated ....................... : yes
	  max_retries ..................................... : 5
	  opt_iter ........................................ : 11
	  dtmin ........................................... : 0
	  dtmax ........................................... : 0.1
	  aggressiveness .................................. : 0
	  cutback ......................................... : 0.5
	  dtforce ......................................... : no (0)
 SOLVER PARAMETERS
===========================================================================
	symmetric_stiffness ............................... : symmetric (1)
	equation_scheme ................................... : staggered (0)
	equation_order .................................... : default (0)
	optimize_bw ....................................... : no (0)
	lstol ............................................. : 0.9
	lsmin ............................................. : 0.01
	lsiter ............................................ : 5
	max_refs .......................................... : 15
	check_zero_diagonal ............................... : no (0)
	zero_diagonal_tol ................................. : 0
	force_partition ................................... : 0
	reform_each_time_step ............................. : yes (1)
	reform_augment .................................... : no (0)
	diverge_reform .................................... : yes (1)
	min_residual ...................................... : 1e-20
	max_residual ...................................... : 0
	dtol .............................................. : 0.001
	etol .............................................. : 0.01
	rtol .............................................. : 0
	rhoi .............................................. : -2
	alpha ............................................. : 1
	beta .............................................. : 0.25
	gamma ............................................. : 0.5
	logSolve .......................................... : no (0)
	arc_length ........................................ : 0
	arc_length_scale .................................. : 0






 MATERIAL DATA
===========================================================================
  1 - Material1 (type: solid mixture)
	density ........................................... : 1
	solid: (type: neo-Hookean)
	  density ......................................... : 1
	  E ............................................... : 1000
	  v ............................................... : 0.45
	solid: (type: fiber-exp-pow)
	  density ......................................... : 1
	  alpha ........................................... : 20
	  beta ............................................ : 3
	  ksi ............................................. : 5
	  mu .............................................. : 0
	  lam0 ............................................ : 1
	fiber: (type: vector)
	    vector ........................................ : 1,1,0


 BOUNDARY CONDITION DATA
===========================================================================
  1 -  Type: prescribed displacement
	dof ............................................... : 2
	value ............................................. : 0.025
	relative .......................................... : no (0)
---------------------------------------------------------------------------
  2 -  Type: prescribed displacement
	dof ............................................... : 2
	value ............................................. : -0.025
	relative .......................................... : no (0)
---------------------------------------------------------------------------
  3 -  Type: zero displacement
	x_dof ............................................. : yes (1)
	y_dof ............................................. : yes (1)
	z_dof ............................................. : no (0)


 LOAD CONTROLLER DATA
===========================================================================
load controller   1 - LC2 (type: loadcurve)
	interpolate ....................................... : LINEAR (0)
	extend ............................................ : CONSTANT (0)
	points ............................................ : (can't display value)
---------------------------------------------------------------------------
load controller   2 - LC3 (type: loadcurve)
	interpolate ....................................... : LINEAR (0)
	extend ............................................ : CONSTANT (0)
	points ............................................ : (can't display value)


 OUTPUT DATA
===========================================================================
	plotfile format ........................... : FEBIO
 LINEAR SOLVER DATA
===========================================================================
	Default linear solver ............................. : pardiso


Data Record #1
===========================================================================
Step = 0
Time = 0
Data = Fxx;Fxy;Fxz;Fyx;Fyy;Fyz;Fzx;Fzy;Fzz
File = F

Data Record #2
===========================================================================
Step = 0
Time = 0
Data = sx;sy;sz;sxy;syz;sxz
File = sigma

 *************************************************************************
 * Selecting linear solver pardiso                                       *
 *************************************************************************

===== beginning time step 1 : 0.1 =====


Reforming stiffness matrix: reformation #1

===== reforming stiffness matrix:
	Nr of equations ........................... : 7434
	Nr of nonzeroes in stiffness matrix ....... : 252109
 1
 Nonlinear solution status: time= 0.1
	stiffness updates             = 0
	right hand side evaluations   = 2
	stiffness matrix reformations = 1
	step from line search         = 1.000000
	convergence norms :     INITIAL         CURRENT         REQUIRED
	   residual            2.140309e-03    7.430258e-06    0.000000e+00 
	   energy              1.601722e-03    1.241388e-06    1.601722e-05 
	   displacement        5.427009e-03    5.427009e-03    5.427009e-09 
 2
 Nonlinear solution status: time= 0.1
	stiffness updates             = 1
	right hand side evaluations   = 3
	stiffness matrix reformations = 1
	step from line search         = 1.000000
	convergence norms :     INITIAL         CURRENT         REQUIRED
	   residual            2.140309e-03    1.665966e-08    0.000000e+00 
	   energy              1.601722e-03    2.504283e-08    1.601722e-05 
	   displacement        5.427009e-03    2.864323e-07    5.402150e-09 
 3
 Nonlinear solution status: time= 0.1
	stiffness updates             = 2
	right hand side evaluations   = 4
	stiffness matrix reformations = 1
	step from line search         = 1.000000
	convergence norms :     INITIAL         CURRENT         REQUIRED
	   residual            2.140309e-03    1.417721e-09    0.000000e+00 
	   energy              1.601722e-03    2.029333e-10    1.601722e-05 
	   displacement        5.427009e-03    5.913912e-08    5.425044e-09 
 4
 Nonlinear solution status: time= 0.1
	stiffness updates             = 3
	right hand side evaluations   = 5
	stiffness matrix reformations = 1
	step from line search         = 1.000000
	convergence norms :     INITIAL         CURRENT         REQUIRED
	   residual            2.140309e-03    5.383261e-12    0.000000e+00 
	   energy              1.601722e-03    2.897254e-12    1.601722e-05 
	   displacement        5.427009e-03    1.662651e-10    5.425957e-09 

convergence summary
    number of iterations   : 4
    number of reformations : 1

------- converged at time : 0.1


Data Record #1
===========================================================================
Step = 1
Time = 0.1
Data = Fxx;Fxy;Fxz;Fyx;Fyy;Fyz;Fzx;Fzy;Fzz
File = F

Data Record #2
===========================================================================
Step = 1
Time = 0.1
Data = sx;sy;sz;sxy;syz;sxz
File = sigma

===== beginning time step 2 : 0.2 =====


Reforming stiffness matrix: reformation #1

 1
 Nonlinear solution status: time= 0.2
	stiffness updates             = 0
	right hand side evaluations   = 2
	stiffness matrix reformations = 1
	step from line search         = 1.000000
	convergence norms :     INITIAL         CURRENT         REQUIRED
	   residual            2.144849e-03    7.399781e-06    0.000000e+00 
	   energy              1.601796e-03    1.426688e-06    1.601796e-05 
	   displacement        5.423964e-03    5.423964e-03    5.423964e-09 
 2
 Nonlinear solution status: time= 0.2
	stiffness updates             = 1
	right hand side evaluations   = 3
	stiffness matrix reformations = 1
	step from line search         = 1.000000
	convergence norms :     INITIAL         CURRENT         REQUIRED
	   residual            2.144849e-03    1.724961e-08    0.000000e+00 
	   energy              1.601796e-03    2.654534e-08    1.601796e-05 
	   displacement        5.423964e-03    2.982442e-07    5.396351e-09 
 3
 Nonlinear solution status: time= 0.2
	stiffness updates             = 2
	right hand side evaluations   = 4
	stiffness matrix reformations = 1
	step from line search         = 1.000000
	convergence norms :     INITIAL         CURRENT         REQUIRED
	   residual            2.144849e-03    1.399497e-09    0.000000e+00 
	   energy              1.601796e-03    2.211361e-10    1.601796e-05 
	   displacement        5.423964e-03    5.825806e-08    5.419003e-09 
 4
 Nonlinear solution status: time= 0.2
	stiffness updates             = 3
	right hand side evaluations   = 5
	stiffness matrix reformations = 1
	step from line search         = 1.000000
	convergence norms :     INITIAL         CURRENT         REQUIRED
	   residual            2.144849e-03    5.643691e-12    0.000000e+00 
	   energy              1.601796e-03    3.031740e-12    1.601796e-05 
	   displacement        5.423964e-03    1.780651e-10    5.419942e-09 

convergence summary
    number of iterations   : 4
    number of reformations : 1

------- converged at time : 0.2


Data Record #1
===========================================================================
Step = 2
Time = 0.2
Data = Fxx;Fxy;Fxz;Fyx;Fyy;Fyz;Fzx;Fzy;Fzz
File = F

Data Record #2
===========================================================================
Step = 2
Time = 0.2
Data = sx;sy;sz;sxy;syz;sxz
File = sigma

===== beginning time step 3 : 0.3 =====


Reforming stiffness matrix: reformation #1

 1
 Nonlinear solution status: time= 0.3
	stiffness updates             = 0
	right hand side evaluations   = 2
	stiffness matrix reformations = 1
	step from line search         = 1.000000
	convergence norms :     INITIAL         CURRENT         REQUIRED
	   residual            2.158548e-03    7.309605e-06    0.000000e+00 
	   energy              1.602051e-03    1.599412e-06    1.602051e-05 
	   displacement        5.415022e-03    5.415022e-03    5.415022e-09 
 2
 Nonlinear solution status: time= 0.3
	stiffness updates             = 1
	right hand side evaluations   = 3
	stiffness matrix reformations = 1
	step from line search         = 1.000000
	convergence norms :     INITIAL         CURRENT         REQUIRED
	   residual            2.158548e-03    1.769925e-08    0.000000e+00 
	   energy              1.602051e-03    2.773887e-08    1.602051e-05 
	   displacement        5.415022e-03    3.095919e-07    5.385072e-09 
 3
 Nonlinear solution status: time= 0.3
	stiffness updates             = 2
	right hand side evaluations   = 4
	stiffness matrix reformations = 1
	step from line search         = 1.000000
	convergence norms :     INITIAL         CURRENT         REQUIRED
	   residual            2.158548e-03    1.361801e-09    0.000000e+00 
	   energy              1.602051e-03    2.357321e-10    1.602051e-05 
	   displacement        5.415022e-03    5.653251e-08    5.407176e-09 
 4
 Nonlinear solution status: time= 0.3
	stiffness updates             = 3
	right hand side evaluations   = 5
	stiffness matrix reformations = 1
	step from line search         = 1.000000
	convergence norms :     INITIAL         CURRENT         REQUIRED
	   residual            2.158548e-03    5.785806e-12    0.000000e+00 
	   energy              1.602051e-03    3.062272e-12    1.602051e-05 
	   displacement        5.415022e-03    1.881554e-10    5.408133e-09 

convergence summary
    number of iterations   : 4
    number of reformations : 1

------- converged at time : 0.3


Data Record #1
===========================================================================
Step = 3
Time = 0.3
Data = Fxx;Fxy;Fxz;Fyx;Fyy;Fyz;Fzx;Fzy;Fzz
File = F

Data Record #2
===========================================================================
Step = 3
Time = 0.3
Data = sx;sy;sz;sxy;syz;sxz
File = sigma

===== beginning time step 4 : 0.4 =====


Reforming stiffness matrix: reformation #1

 1
 Nonlinear solution status: time= 0.4
	stiffness updates             = 0
	right hand side evaluations   = 2
	stiffness matrix reformations = 1
	step from line search         = 1.000000
	convergence norms :     INITIAL         CURRENT         REQUIRED
	   residual            2.181708e-03    7.160792e-06    0.000000e+00 
	   energy              1.602490e-03    1.756151e-06    1.602490e-05 
	   displacement        5.400387e-03    5.400387e-03    5.400387e-09 
 2
 Nonlinear solution status: time= 0.4
	stiffness updates             = 1
	right hand side evaluations   = 3
	stiffness matrix reformations = 1
	step from line search         = 1.000000
	convergence norms :     INITIAL         CURRENT         REQUIRED
	   residual            2.181708e-03    1.801161e-08    0.000000e+00 
	   energy              1.602490e-03    2.861135e-08    1.602490e-05 
	   displacement        5.400387e-03    3.197608e-07    5.368564e-09 
 3
 Nonlinear solution status: time= 0.4
	stiffness updates             = 2
	right hand side evaluations   = 4
	stiffness matrix reformations = 1
	step from line search         = 1.000000
	convergence norms :     INITIAL         CURRENT         REQUIRED
	   residual            2.181708e-03    1.309282e-09    0.000000e+00 
	   energy              1.602490e-03    2.462185e-10    1.602490e-05 
	   displacement        5.400387e-03    5.409090e-08    5.389845e-09 
 4
 Nonlinear solution status: time= 0.4
	stiffness updates             = 3
	right hand side evaluations   = 5
	stiffness matrix reformations = 1
	step from line search         = 1.000000
	convergence norms :     INITIAL         CURRENT         REQUIRED
	   residual            2.181708e-03    5.777978e-12    0.000000e+00 
	   energy              1.602490e-03    2.987964e-12    1.602490e-05 
	   displacement        5.400387e-03    1.963001e-10    5.390813e-09 

convergence summary
    number of iterations   : 4
    number of reformations : 1

------- converged at time : 0.4


Data Record #1
===========================================================================
Step = 4
Time = 0.4
Data = Fxx;Fxy;Fxz;Fyx;Fyy;Fyz;Fzx;Fzy;Fzz
File = F

Data Record #2
===========================================================================
Step = 4
Time = 0.4
Data = sx;sy;sz;sxy;syz;sxz
File = sigma

===== beginning time step 5 : 0.5 =====


Reforming stiffness matrix: reformation #1

 1
 Nonlinear solution status: time= 0.5
	stiffness updates             = 0
	right hand side evaluations   = 2
	stiffness matrix reformations = 1
	step from line search         = 1.000000
	convergence norms :     INITIAL         CURRENT         REQUIRED
	   residual            2.214778e-03    6.955415e-06    0.000000e+00 
	   energy              1.603139e-03    1.892268e-06    1.603139e-05 
	   displacement        5.380443e-03    5.380443e-03    5.380443e-09 
 2
 Nonlinear solution status: time= 0.5
	stiffness updates             = 1
	right hand side evaluations   = 3
	stiffness matrix reformations = 1
	step from line search         = 1.000000
	convergence norms :     INITIAL         CURRENT         REQUIRED
	   residual            2.214778e-03    1.819839e-08    0.000000e+00 
	   energy              1.603139e-03    2.916631e-08    1.603139e-05 
	   displacement        5.380443e-03    3.279391e-07    5.347249e-09 
 3
 Nonlinear solution status: time= 0.5
	stiffness updates             = 2
	right hand side evaluations   = 4
	stiffness matrix reformations = 1
	step from line search         = 1.000000
	convergence norms :     INITIAL         CURRENT         REQUIRED
	   residual            2.214778e-03    1.246240e-09    0.000000e+00 
	   energy              1.603139e-03    2.521881e-10    1.603139e-05 
	   displacement        5.380443e-03    5.107334e-08    5.367469e-09 
 4
 Nonlinear solution status: time= 0.5
	stiffness updates             = 3
	right hand side evaluations   = 5
	stiffness matrix reformations = 1
	step from line search         = 1.000000
	convergence norms :     INITIAL         CURRENT         REQUIRED
	   residual            2.214778e-03    5.602052e-12    0.000000e+00 
	   energy              1.603139e-03    2.827609e-12    1.603139e-05 
	   displacement        5.380443e-03    2.023983e-10    5.368442e-09 

convergence summary
    number of iterations   : 4
    number of reformations : 1

------- converged at time : 0.5


Data Record #1
===========================================================================
Step = 5
Time = 0.5
Data = Fxx;Fxy;Fxz;Fyx;Fyy;Fyz;Fzx;Fzy;Fzz
File = F

Data Record #2
===========================================================================
Step = 5
Time = 0.5
Data = sx;sy;sz;sxy;syz;sxz
File = sigma

===== beginning time step 6 : 0.6 =====


Reforming stiffness matrix: reformation #1

 1
 Nonlinear solution status: time= 0.6
	stiffness updates             = 0
	right hand side evaluations   = 2
	stiffness matrix reformations = 1
	step from line search         = 1.000000
	convergence norms :     INITIAL         CURRENT         REQUIRED
	   residual            2.258315e-03    6.697327e-06    0.000000e+00 
	   energy              1.604059e-03    1.989122e-06    1.604059e-05 
	   displacement        5.355733e-03    5.355733e-03    5.355733e-09 
 2
 Nonlinear solution status: time= 0.6
	stiffness updates             = 1
	right hand side evaluations   = 3
	stiffness matrix reformations = 1
	step from line search         = 1.000000
	convergence norms :     INITIAL         CURRENT         REQUIRED
	   residual            2.258315e-03    1.830598e-08    0.000000e+00 
	   energy              1.604059e-03    2.947845e-08    1.604059e-05 
	   displacement        5.355733e-03    3.333206e-07    5.321776e-09 
 3
 Nonlinear solution status: time= 0.6
	stiffness updates             = 2
	right hand side evaluations   = 4
	stiffness matrix reformations = 1
	step from line search         = 1.000000
	convergence norms :     INITIAL         CURRENT         REQUIRED
	   residual            2.258315e-03    1.174256e-09    0.000000e+00 
	   energy              1.604059e-03    2.551270e-10    1.604059e-05 
	   displacement        5.355733e-03    4.763033e-08    5.340729e-09 
 4
 Nonlinear solution status: time= 0.6
	stiffness updates             = 3
	right hand side evaluations   = 5
	stiffness matrix reformations = 1
	step from line search         = 1.000000
	convergence norms :     INITIAL         CURRENT         REQUIRED
	   residual            2.258315e-03    5.260293e-12    0.000000e+00 
	   energy              1.604059e-03    2.638498e-12    1.604059e-05 
	   displacement        5.355733e-03    2.074080e-10    5.341703e-09 

convergence summary
    number of iterations   : 4
    number of reformations : 1

------- converged at time : 0.6


Data Record #1
===========================================================================
Step = 6
Time = 0.6
Data = Fxx;Fxy;Fxz;Fyx;Fyy;Fyz;Fzx;Fzy;Fzz
File = F

Data Record #2
===========================================================================
Step = 6
Time = 0.6
Data = sx;sy;sz;sxy;syz;sxz
File = sigma

===== beginning time step 7 : 0.7 =====


Reforming stiffness matrix: reformation #1

 1
 Nonlinear solution status: time= 0.7
	stiffness updates             = 0
	right hand side evaluations   = 2
	stiffness matrix reformations = 1
	step from line search         = 1.000000
	convergence norms :     INITIAL         CURRENT         REQUIRED
	   residual            2.313024e-03    6.433218e-06    0.000000e+00 
	   energy              1.605505e-03    1.886569e-06    1.605505e-05 
	   displacement        5.327165e-03    5.327165e-03    5.327165e-09 
 2
 Nonlinear solution status: time= 0.7
	stiffness updates             = 1
	right hand side evaluations   = 3
	stiffness matrix reformations = 1
	step from line search         = 1.000000
	convergence norms :     INITIAL         CURRENT         REQUIRED
	   residual            2.313024e-03    2.376324e-08    0.000000e+00 
	   energy              1.605505e-03    3.626724e-08    1.605505e-05 
	   displacement        5.327165e-03    3.741252e-07    5.294150e-09 
 3
 Nonlinear solution status: time= 0.7
	stiffness updates             = 2
	right hand side evaluations   = 4
	stiffness matrix reformations = 1
	step from line search         = 1.000000
	convergence norms :     INITIAL         CURRENT         REQUIRED
	   residual            2.313024e-03    1.078265e-09    0.000000e+00 
	   energy              1.605505e-03    1.111644e-10    1.605505e-05 
	   displacement        5.327165e-03    4.713189e-08    5.310830e-09 
 4
 Nonlinear solution status: time= 0.7
	stiffness updates             = 3
	right hand side evaluations   = 5
	stiffness matrix reformations = 1
	step from line search         = 1.000000
	convergence norms :     INITIAL         CURRENT         REQUIRED
	   residual            2.313024e-03    2.219462e-11    0.000000e+00 
	   energy              1.605505e-03    1.409130e-11    1.605505e-05 
	   displacement        5.327165e-03    4.367790e-10    5.312271e-09 

convergence summary
    number of iterations   : 4
    number of reformations : 1

------- converged at time : 0.7


Data Record #1
===========================================================================
Step = 7
Time = 0.7
Data = Fxx;Fxy;Fxz;Fyx;Fyy;Fyz;Fzx;Fzy;Fzz
File = F

Data Record #2
===========================================================================
Step = 7
Time = 0.7
Data = sx;sy;sz;sxy;syz;sxz
File = sigma

===== beginning time step 8 : 0.8 =====


Reforming stiffness matrix: reformation #1

 1
 Nonlinear solution status: time= 0.8
	stiffness updates             = 0
	right hand side evaluations   = 2
	stiffness matrix reformations = 1
	step from line search         = 1.000000
	convergence norms :     INITIAL         CURRENT         REQUIRED
	   residual            2.382116e-03    7.055801e-06    0.000000e+00 
	   energy              1.609308e-03    7.192641e-07    1.609308e-05 
	   displacement        5.297164e-03    5.297164e-03    5.297164e-09 
 2
 Nonlinear solution status: time= 0.8
	stiffness updates             = 1
	right hand side evaluations   = 3
	stiffness matrix reformations = 1
	step from line search         = 1.000000
	convergence norms :     INITIAL         CURRENT         REQUIRED
	   residual            2.382116e-03    8.545797e-07    0.000000e+00 
	   energy              1.609308e-03    3.377819e-07    1.609308e-05 
	   displacement        5.297164e-03    1.003659e-06    5.272404e-09 
 3
 Nonlinear solution status: time= 0.8
	stiffness updates             = 2
	right hand side evaluations   = 4
	stiffness matrix reformations = 1
	step from line search         = 1.000000
	convergence norms :     INITIAL         CURRENT         REQUIRED
	   residual            2.382116e-03    5.499092e-08    0.000000e+00 
	   energy              1.609308e-03    9.741880e-09    1.609308e-05 
	   displacement        5.297164e-03    2.136828e-07    5.274466e-09 
 4
 Nonlinear solution status: time= 0.8
	stiffness updates             = 3
	right hand side evaluations   = 5
	stiffness matrix reformations = 1
	step from line search         = 1.000000
	convergence norms :     INITIAL         CURRENT         REQUIRED
	   residual            2.382116e-03    4.115437e-09    0.000000e+00 
	   energy              1.609308e-03    1.913837e-09    1.609308e-05 
	   displacement        5.297164e-03    1.603546e-08    5.284504e-09 
 5
 Nonlinear solution status: time= 0.8
	stiffness updates             = 4
	right hand side evaluations   = 6
	stiffness matrix reformations = 1
	step from line search         = 1.000000
	convergence norms :     INITIAL         CURRENT         REQUIRED
	   residual            2.382116e-03    6.182010e-13    0.000000e+00 
	   energy              1.609308e-03    6.679268e-13    1.609308e-05 
	   displacement        5.297164e-03    5.523679e-10    5.282681e-09 

convergence summary
    number of iterations   : 5
    number of reformations : 1

------- converged at time : 0.8


Data Record #1
===========================================================================
Step = 8
Time = 0.8
Data = Fxx;Fxy;Fxz;Fyx;Fyy;Fyz;Fzx;Fzy;Fzz
File = F

Data Record #2
===========================================================================
Step = 8
Time = 0.8
Data = sx;sy;sz;sxy;syz;sxz
File = sigma

===== beginning time step 9 : 0.9 =====


Reforming stiffness matrix: reformation #1

 1
 Nonlinear solution status: time= 0.9
	stiffness updates             = 0
	right hand side evaluations   = 2
	stiffness matrix reformations = 1
	step from line search         = 1.000000
	convergence norms :     INITIAL         CURRENT         REQUIRED
	   residual            2.512600e-03    6.562671e-06    0.000000e+00 
	   energy              1.623275e-03    7.883265e-08    1.623275e-05 
	   displacement        5.268549e-03    5.268549e-03    5.268549e-09 
 2
 Nonlinear solution status: time= 0.9
	stiffness updates             = 1
	right hand side evaluations   = 3
	stiffness matrix reformations = 1
	step from line search         = 1.000000
	convergence norms :     INITIAL         CURRENT         REQUIRED
	   residual            2.512600e-03    8.442994e-07    0.000000e+00 
	   energy              1.623275e-03    2.031627e-07    1.623275e-05 
	   displacement        5.268549e-03    7.489089e-07    5.243821e-09 
 3
 Nonlinear solution status: time= 0.9
	stiffness updates             = 2
	right hand side evaluations   = 4
	stiffness matrix reformations = 1
	step from line search         = 1.000000
	convergence norms :     INITIAL         CURRENT         REQUIRED
	   residual            2.512600e-03    6.896722e-08    0.000000e+00 
	   energy              1.623275e-03    1.231407e-08    1.623275e-05 
	   displacement        5.268549e-03    7.244795e-08    5.247337e-09 
 4
 Nonlinear solution status: time= 0.9
	stiffness updates             = 3
	right hand side evaluations   = 5
	stiffness matrix reformations = 1
	step from line search         = 1.000000
	convergence norms :     INITIAL         CURRENT         REQUIRED
	   residual            2.512600e-03    6.416836e-09    0.000000e+00 
	   energy              1.623275e-03    2.258869e-09    1.623275e-05 
	   displacement        5.268549e-03    1.213921e-08    5.255451e-09 
 5
 Nonlinear solution status: time= 0.9
	stiffness updates             = 4
	right hand side evaluations   = 6
	stiffness matrix reformations = 1
	step from line search         = 1.000000
	convergence norms :     INITIAL         CURRENT         REQUIRED
	   residual            2.512600e-03    1.215428e-10    0.000000e+00 
	   energy              1.623275e-03    4.541002e-11    1.623275e-05 
	   displacement        5.268549e-03    5.143679e-10    5.254238e-09 

convergence summary
    number of iterations   : 5
    number of reformations : 1

------- converged at time : 0.9


Data Record #1
===========================================================================
Step = 9
Time = 0.9
Data = Fxx;Fxy;Fxz;Fyx;Fyy;Fyz;Fzx;Fzy;Fzz
File = F

Data Record #2
===========================================================================
Step = 9
Time = 0.9
Data = sx;sy;sz;sxy;syz;sxz
File = sigma

===== beginning time step 10 : 1 =====


Reforming stiffness matrix: reformation #1

 1
 Nonlinear solution status: time= 1
	stiffness updates             = 0
	right hand side evaluations   = 2
	stiffness matrix reformations = 1
	step from line search         = 1.000000
	convergence norms :     INITIAL         CURRENT         REQUIRED
	   residual            2.937906e-03    7.821209e-06    0.000000e+00 
	   energy              1.656975e-03    2.882761e-09    1.656975e-05 
	   displacement        5.240353e-03    5.240353e-03    5.240353e-09 
 2
 Nonlinear solution status: time= 1
	stiffness updates             = 1
	right hand side evaluations   = 3
	stiffness matrix reformations = 1
	step from line search         = 1.000000
	convergence norms :     INITIAL         CURRENT         REQUIRED
	   residual            2.937906e-03    4.354609e-06    0.000000e+00 
	   energy              1.656975e-03    6.421892e-07    1.656975e-05 
	   displacement        5.240353e-03    2.809951e-06    5.228780e-09 
 3
 Nonlinear solution status: time= 1
	stiffness updates             = 2
	right hand side evaluations   = 4
	stiffness matrix reformations = 1
	step from line search         = 1.000000
	convergence norms :     INITIAL         CURRENT         REQUIRED
	   residual            2.937906e-03    1.166533e-07    0.000000e+00 
	   energy              1.656975e-03    3.624180e-08    1.656975e-05 
	   displacement        5.240353e-03    3.407469e-07    5.223040e-09 
 4
 Nonlinear solution status: time= 1
	stiffness updates             = 3
	right hand side evaluations   = 5
	stiffness matrix reformations = 1
	step from line search         = 1.000000
	convergence norms :     INITIAL         CURRENT         REQUIRED
	   residual            2.937906e-03    6.473055e-08    0.000000e+00 
	   energy              1.656975e-03    1.767471e-08    1.656975e-05 
	   displacement        5.240353e-03    9.449644e-08    5.229416e-09 
 5
 Nonlinear solution status: time= 1
	stiffness updates             = 4
	right hand side evaluations   = 6
	stiffness matrix reformations = 1
	step from line search         = 1.000000
	convergence norms :     INITIAL         CURRENT         REQUIRED
	   residual            2.937906e-03    4.963327e-09    0.000000e+00 
	   energy              1.656975e-03    5.710112e-10    1.656975e-05 
	   displacement        5.240353e-03    1.102757e-08    5.229649e-09 
 6
 Nonlinear solution status: time= 1
	stiffness updates             = 5
	right hand side evaluations   = 7
	stiffness matrix reformations = 1
	step from line search         = 1.000000
	convergence norms :     INITIAL         CURRENT         REQUIRED
	   residual            2.937906e-03    2.539483e-09    0.000000e+00 
	   energy              1.656975e-03    2.969261e-10    1.656975e-05 
	   displacement        5.240353e-03    1.601245e-10    5.228912e-09 

convergence summary
    number of iterations   : 6
    number of reformations : 1

------- converged at time : 1


Data Record #1
===========================================================================
Step = 10
Time = 1
Data = Fxx;Fxy;Fxz;Fyx;Fyy;Fyz;Fzx;Fzy;Fzz
File = F

Data Record #2
===========================================================================
Step = 10
Time = 1
Data = sx;sy;sz;sxy;syz;sxz
File = sigma


 N O N L I N E A R   I T E R A T I O N   I N F O R M A T I O N

	Number of time steps completed .................... : 10

	Total number of equilibrium iterations ............ : 44

	Average number of equilibrium iterations .......... : 4.4

	Total number of right hand evaluations ............ : 54

	Total number of stiffness reformations ............ : 10


 L I N E A R   S O L V E R   S T A T S

	Total calls to linear solver ........ : 44

	Avg iterations per solve ............ : 1

	Time in linear solver: 0:00:01


 Elapsed time : 0:00:02

 T I M I N G   I N F O R M A T I O N

	Input time ...................... : 0:00:00 (0.0243924 sec)

	Initialization time ............. : 0:00:00 (0.0201148 sec)

	Solve time ...................... : 0:00:02 (2.3397 sec)

	   IO-time (plot, dmp, data) .... : 0:00:00 (0.116757 sec)

	   reforming stiffness .......... : 0:00:00 (0.0138088 sec)

	   evaluating stiffness ......... : 0:00:00 (0.151836 sec)

	   evaluating residual .......... : 0:00:00 (0.12839 sec)

	   model update ................. : 0:00:00 (0.455138 sec)

	   QN updates ................... : 0:00:00 (0.00352708 sec)

	   time in linear solver ........ : 0:00:01 (1.317 sec)

	Total elapsed time .............. : 0:00:02 (2.38421 sec)


 N O R M A L   T E R M I N A T I O N

