2024-04-11 20:21:53.104 | INFO     | __main__:train:60 - epoch 1000, train loss = 337.53057861328125 val loss = 332.07427978515625
2024-04-11 20:22:02.098 | INFO     | __main__:train:60 - epoch 2000, train loss = 129.25595092773438 val loss = 124.4656753540039
2024-04-11 20:22:11.049 | INFO     | __main__:train:60 - epoch 3000, train loss = 74.84200286865234 val loss = 71.71977233886719
2024-04-11 20:22:19.991 | INFO     | __main__:train:60 - epoch 4000, train loss = 45.14471435546875 val loss = 43.25543212890625
2024-04-11 20:22:28.933 | INFO     | __main__:train:60 - epoch 5000, train loss = 27.840106964111328 val loss = 26.662879943847656
2024-04-11 20:22:37.910 | INFO     | __main__:train:60 - epoch 6000, train loss = 16.575000762939453 val loss = 15.807306289672852
2024-04-11 20:22:46.850 | INFO     | __main__:train:60 - epoch 7000, train loss = 9.289605140686035 val loss = 8.788841247558594
2024-04-11 20:22:55.791 | INFO     | __main__:train:60 - epoch 8000, train loss = 4.8734941482543945 val loss = 4.5570573806762695
2024-04-11 20:23:04.767 | INFO     | __main__:train:60 - epoch 9000, train loss = 2.2766220569610596 val loss = 2.0889968872070312
2024-04-11 20:23:13.709 | INFO     | __main__:train:60 - epoch 10000, train loss = 0.84022057056427 val loss = 0.7433110475540161
2024-04-11 20:23:22.649 | INFO     | __main__:train:60 - epoch 11000, train loss = 0.3106546401977539 val loss = 0.2682970464229584
2024-04-11 20:23:31.599 | INFO     | __main__:train:60 - epoch 12000, train loss = 0.15269023180007935 val loss = 0.1344078630208969
2024-04-11 20:23:40.558 | INFO     | __main__:train:60 - epoch 13000, train loss = 0.07954487949609756 val loss = 0.07132397592067719
2024-04-11 20:23:49.498 | INFO     | __main__:train:60 - epoch 14000, train loss = 0.04608013853430748 val loss = 0.0423513688147068
2024-04-11 20:23:58.437 | INFO     | __main__:train:60 - epoch 15000, train loss = 0.030695514753460884 val loss = 0.028529586270451546
2024-04-11 20:24:07.413 | INFO     | __main__:train:60 - epoch 16000, train loss = 0.021227417513728142 val loss = 0.01974424161016941
2024-04-11 20:24:16.360 | INFO     | __main__:train:60 - epoch 17000, train loss = 0.014414399862289429 val loss = 0.013426190242171288
2024-04-11 20:24:25.305 | INFO     | __main__:train:60 - epoch 18000, train loss = 0.00957380048930645 val loss = 0.008993120864033699
2024-04-11 20:24:34.278 | INFO     | __main__:train:60 - epoch 19000, train loss = 0.006343168672174215 val loss = 0.006056272890418768
2024-04-11 20:24:43.219 | INFO     | __main__:train:60 - epoch 20000, train loss = 0.0043384479358792305 val loss = 0.004223874770104885
2024-04-11 20:24:52.159 | INFO     | __main__:train:60 - epoch 21000, train loss = 0.0031349898781627417 val loss = 0.003099320689216256
2024-04-11 20:25:01.097 | INFO     | __main__:train:60 - epoch 22000, train loss = 0.002387779764831066 val loss = 0.0023838081397116184
2024-04-11 20:25:10.067 | INFO     | __main__:train:60 - epoch 23000, train loss = 0.0018431720091030002 val loss = 0.001849212683737278
2024-04-11 20:25:19.015 | INFO     | __main__:train:60 - epoch 24000, train loss = 0.0013889569090679288 val loss = 0.001401814166456461
2024-04-11 20:25:27.953 | INFO     | __main__:train:60 - epoch 25000, train loss = 0.001124808331951499 val loss = 0.0011410728329792619
2024-04-11 20:25:36.924 | INFO     | __main__:train:60 - epoch 26000, train loss = 0.001001922064460814 val loss = 0.001015644520521164
2024-04-11 20:25:45.864 | INFO     | __main__:train:60 - epoch 27000, train loss = 0.000927816960029304 val loss = 0.0009451351943425834
2024-04-11 20:25:54.801 | INFO     | __main__:train:60 - epoch 28000, train loss = 0.0008833010797388852 val loss = 0.0009035030379891396
2024-04-11 20:26:03.861 | INFO     | __main__:train:60 - epoch 29000, train loss = 0.000867099966853857 val loss = 0.0008926213486120105
2024-04-11 20:26:12.928 | INFO     | __main__:train:60 - epoch 30000, train loss = 0.0008803744567558169 val loss = 0.0009051183587871492
2024-04-11 20:26:21.999 | INFO     | __main__:train:60 - epoch 31000, train loss = 0.0008643550681881607 val loss = 0.0008944858564063907
2024-04-11 20:26:30.943 | INFO     | __main__:train:60 - epoch 32000, train loss = 0.0007925936370156705 val loss = 0.0008131832000799477
2024-04-11 20:26:39.922 | INFO     | __main__:train:60 - epoch 33000, train loss = 0.0007680072449147701 val loss = 0.0007876787567511201
2024-04-11 20:26:48.862 | INFO     | __main__:train:60 - epoch 34000, train loss = 0.0009724950650706887 val loss = 0.001014052890241146
2024-04-11 20:26:57.797 | INFO     | __main__:train:60 - epoch 35000, train loss = 0.0007277021068148315 val loss = 0.0007509940769523382
2024-04-11 20:27:06.960 | INFO     | __main__:train:60 - epoch 36000, train loss = 0.0007004340877756476 val loss = 0.0007348079234361649
2024-04-11 20:27:16.055 | INFO     | __main__:train:60 - epoch 37000, train loss = 0.0006846838514320552 val loss = 0.0007045709062367678
2024-04-11 20:27:24.996 | INFO     | __main__:train:60 - epoch 38000, train loss = 0.0006996954907663167 val loss = 0.0007192417397163808
2024-04-11 20:27:33.966 | INFO     | __main__:train:60 - epoch 39000, train loss = 0.0006471308879554272 val loss = 0.0006588415708392859
2024-04-11 20:27:43.022 | INFO     | __main__:train:60 - epoch 40000, train loss = 0.0005308646359480917 val loss = 0.0005464582936838269
2024-04-11 20:27:52.024 | INFO     | __main__:train:60 - epoch 41000, train loss = 0.0004369812086224556 val loss = 0.00045034990762360394
2024-04-11 20:28:00.963 | INFO     | __main__:train:60 - epoch 42000, train loss = 0.0003229008289054036 val loss = 0.0003338945098221302
2024-04-11 20:28:09.933 | INFO     | __main__:train:60 - epoch 43000, train loss = 0.0002409744047326967 val loss = 0.00023851814330555499
2024-04-11 20:28:18.873 | INFO     | __main__:train:60 - epoch 44000, train loss = 0.00019833366968668997 val loss = 0.00019996898481622338
2024-04-11 20:28:27.810 | INFO     | __main__:train:60 - epoch 45000, train loss = 0.00021189158724155277 val loss = 0.00021640717750415206
2024-04-11 20:28:36.864 | INFO     | __main__:train:60 - epoch 46000, train loss = 0.00013903954823035747 val loss = 0.00014903685951139778
2024-04-11 20:28:45.886 | INFO     | __main__:train:60 - epoch 47000, train loss = 0.00013425617362372577 val loss = 0.00014497427036985755
2024-04-11 20:28:54.917 | INFO     | __main__:train:60 - epoch 48000, train loss = 0.0001288826169911772 val loss = 0.0001375588763039559
2024-04-11 20:29:03.891 | INFO     | __main__:train:60 - epoch 49000, train loss = 0.0002755235182121396 val loss = 0.0002836027415469289
2024-04-11 20:29:12.841 | INFO     | __main__:train:60 - epoch 50000, train loss = 0.0001232714275829494 val loss = 0.000132999470224604
2024-04-11 20:29:21.782 | INFO     | __main__:train:60 - epoch 51000, train loss = 0.00017221501911990345 val loss = 0.00018108995573129505
2024-04-11 20:29:30.721 | INFO     | __main__:train:60 - epoch 52000, train loss = 0.00011738338798750192 val loss = 0.00012612712453119457
2024-04-11 20:29:39.693 | INFO     | __main__:train:60 - epoch 53000, train loss = 0.00011467783770058304 val loss = 0.00011951648775720969
2024-04-11 20:29:48.635 | INFO     | __main__:train:60 - epoch 54000, train loss = 0.000131491688080132 val loss = 0.0001397451851516962
2024-04-11 20:29:57.572 | INFO     | __main__:train:60 - epoch 55000, train loss = 0.0001592525513842702 val loss = 0.00016631590551696718
2024-04-11 20:30:06.539 | INFO     | __main__:train:60 - epoch 56000, train loss = 0.00012054397666361183 val loss = 0.00012703178799711168
2024-04-11 20:30:15.480 | INFO     | __main__:train:60 - epoch 57000, train loss = 0.00015304404951166362 val loss = 0.00016035344742704183
2024-04-11 20:30:24.420 | INFO     | __main__:train:60 - epoch 58000, train loss = 0.00011377281043678522 val loss = 0.00012269726721569896
2024-04-11 20:30:33.393 | INFO     | __main__:train:60 - epoch 59000, train loss = 0.00010387753718532622 val loss = 0.0001115494524128735
2024-04-11 20:30:42.340 | INFO     | __main__:train:60 - epoch 60000, train loss = 0.0001107998687075451 val loss = 0.00011946889571845531
2024-04-11 20:30:51.279 | INFO     | __main__:train:60 - epoch 61000, train loss = 0.0001330364466411993 val loss = 0.00013682179269380867
2024-04-11 20:31:00.218 | INFO     | __main__:train:60 - epoch 62000, train loss = 9.920173033606261e-05 val loss = 0.00010628197924233973
2024-04-11 20:31:09.191 | INFO     | __main__:train:60 - epoch 63000, train loss = 9.813168435357511e-05 val loss = 0.00010827049845829606
2024-04-11 20:31:18.140 | INFO     | __main__:train:60 - epoch 64000, train loss = 0.00014388872659765184 val loss = 0.00015102565521374345
2024-04-11 20:31:27.082 | INFO     | __main__:train:60 - epoch 65000, train loss = 9.344999125460163e-05 val loss = 0.00010052522702608258
2024-04-11 20:31:36.057 | INFO     | __main__:train:60 - epoch 66000, train loss = 0.00020977450185455382 val loss = 0.00021211872808635235
2024-04-11 20:31:45.001 | INFO     | __main__:train:60 - epoch 67000, train loss = 0.00014848107821308076 val loss = 0.0001516768243163824
2024-04-11 20:31:53.944 | INFO     | __main__:train:60 - epoch 68000, train loss = 0.0001348048826912418 val loss = 0.0001422967907274142
2024-04-11 20:32:02.921 | INFO     | __main__:train:60 - epoch 69000, train loss = 9.548409434501082e-05 val loss = 9.844484156928957e-05
2024-04-11 20:32:11.871 | INFO     | __main__:train:60 - epoch 70000, train loss = 0.00010275936801917851 val loss = 0.00010923502850346267
2024-04-11 20:32:20.818 | INFO     | __main__:train:60 - epoch 71000, train loss = 9.189580305246636e-05 val loss = 9.871183283394203e-05
2024-04-11 20:32:29.764 | INFO     | __main__:train:60 - epoch 72000, train loss = 0.00010356158600188792 val loss = 0.0001140254462370649
2024-04-11 20:32:38.742 | INFO     | __main__:train:60 - epoch 73000, train loss = 8.086250454653054e-05 val loss = 9.115524881053716e-05
2024-04-11 20:32:47.692 | INFO     | __main__:train:60 - epoch 74000, train loss = 7.963071402627975e-05 val loss = 8.73500102898106e-05
2024-04-11 20:32:56.637 | INFO     | __main__:train:60 - epoch 75000, train loss = 0.00011747628741431981 val loss = 0.0001266340259462595
2024-04-11 20:33:05.616 | INFO     | __main__:train:60 - epoch 76000, train loss = 9.065128688234836e-05 val loss = 9.718094952404499e-05
2024-04-11 20:33:14.564 | INFO     | __main__:train:60 - epoch 77000, train loss = 7.513773743994534e-05 val loss = 8.120131678879261e-05
2024-04-11 20:33:23.511 | INFO     | __main__:train:60 - epoch 78000, train loss = 0.00013915513409301639 val loss = 0.0001412107376381755
2024-04-11 20:33:32.485 | INFO     | __main__:train:60 - epoch 79000, train loss = 7.340237789321691e-05 val loss = 8.120789425447583e-05
2024-04-11 20:33:41.432 | INFO     | __main__:train:60 - epoch 80000, train loss = 0.00019600967061705887 val loss = 0.00020500726532191038
2024-04-11 20:33:50.375 | INFO     | __main__:train:60 - epoch 81000, train loss = 7.286746404133737e-05 val loss = 8.209235966205597e-05
2024-04-11 20:33:59.326 | INFO     | __main__:train:60 - epoch 82000, train loss = 0.00011708324018400162 val loss = 0.00012117679580114782
2024-04-11 20:34:08.308 | INFO     | __main__:train:60 - epoch 83000, train loss = 7.432323764078319e-05 val loss = 8.485861326334998e-05
2024-04-11 20:34:17.257 | INFO     | __main__:train:60 - epoch 84000, train loss = 6.395333912223577e-05 val loss = 6.86827625031583e-05
2024-04-11 20:34:26.206 | INFO     | __main__:train:60 - epoch 85000, train loss = 6.274758197832853e-05 val loss = 6.614129233639687e-05
2024-04-11 20:34:35.187 | INFO     | __main__:train:60 - epoch 86000, train loss = 0.00010665169975254685 val loss = 0.00010798175208037719
2024-04-11 20:34:44.138 | INFO     | __main__:train:60 - epoch 87000, train loss = 6.503393524326384e-05 val loss = 7.192014891188592e-05
2024-04-11 20:34:53.085 | INFO     | __main__:train:60 - epoch 88000, train loss = 6.167129322420806e-05 val loss = 6.686897540930659e-05
2024-04-11 20:35:02.060 | INFO     | __main__:train:60 - epoch 89000, train loss = 7.933031884022057e-05 val loss = 9.047945059137419e-05
2024-04-11 20:35:11.013 | INFO     | __main__:train:60 - epoch 90000, train loss = 8.267637895187363e-05 val loss = 8.709692338015884e-05
2024-04-11 20:35:19.959 | INFO     | __main__:train:60 - epoch 91000, train loss = 6.611239950871095e-05 val loss = 7.048164843581617e-05
2024-04-11 20:35:28.905 | INFO     | __main__:train:60 - epoch 92000, train loss = 0.00010774222027976066 val loss = 0.00011219336010981351
2024-04-11 20:35:37.884 | INFO     | __main__:train:60 - epoch 93000, train loss = 5.903519922867417e-05 val loss = 6.783756543882191e-05
2024-04-11 20:35:46.835 | INFO     | __main__:train:60 - epoch 94000, train loss = 5.3244140872266144e-05 val loss = 5.461316686705686e-05
2024-04-11 20:35:55.779 | INFO     | __main__:train:60 - epoch 95000, train loss = 9.067750943358988e-05 val loss = 8.647961658425629e-05
2024-04-11 20:36:04.757 | INFO     | __main__:train:60 - epoch 96000, train loss = 5.2533527195919305e-05 val loss = 6.110377580625936e-05
2024-04-11 20:36:13.709 | INFO     | __main__:train:60 - epoch 97000, train loss = 4.809194797417149e-05 val loss = 5.899190728086978e-05
2024-04-11 20:36:22.656 | INFO     | __main__:train:60 - epoch 98000, train loss = 4.856905434280634e-05 val loss = 5.2261395467212424e-05
2024-04-11 20:36:31.600 | INFO     | __main__:train:60 - epoch 99000, train loss = 6.239140930119902e-05 val loss = 6.446412589866668e-05
2024-04-11 20:36:40.585 | INFO     | __main__:train:60 - epoch 100000, train loss = 4.6445267798844725e-05 val loss = 5.121003050589934e-05
2024-04-11 20:36:49.537 | INFO     | __main__:train:60 - epoch 101000, train loss = 4.416957381181419e-05 val loss = 4.8253183194901794e-05
2024-04-11 20:36:58.480 | INFO     | __main__:train:60 - epoch 102000, train loss = 9.27836517803371e-05 val loss = 9.928927465807647e-05
2024-04-11 20:37:07.460 | INFO     | __main__:train:60 - epoch 103000, train loss = 5.054249777458608e-05 val loss = 5.517396857612766e-05
2024-04-11 20:37:16.410 | INFO     | __main__:train:60 - epoch 104000, train loss = 0.00011124871525680646 val loss = 0.0001120726956287399
2024-04-11 20:37:25.357 | INFO     | __main__:train:60 - epoch 105000, train loss = 5.8008481573779136e-05 val loss = 6.369904440362006e-05
2024-04-11 20:37:34.340 | INFO     | __main__:train:60 - epoch 106000, train loss = 4.041384090669453e-05 val loss = 4.3539788748603314e-05
2024-04-11 20:37:43.293 | INFO     | __main__:train:60 - epoch 107000, train loss = 9.670489089330658e-05 val loss = 0.00010102728265337646
2024-04-11 20:37:52.239 | INFO     | __main__:train:60 - epoch 108000, train loss = 9.395598317496479e-05 val loss = 9.894352842820808e-05
2024-04-11 20:38:01.185 | INFO     | __main__:train:60 - epoch 109000, train loss = 8.60196741996333e-05 val loss = 8.912435441743582e-05
2024-04-11 20:38:10.168 | INFO     | __main__:train:60 - epoch 110000, train loss = 4.401349360705353e-05 val loss = 4.5531647629104555e-05
2024-04-11 20:38:19.114 | INFO     | __main__:train:60 - epoch 111000, train loss = 4.239474583300762e-05 val loss = 4.5567147026304156e-05
2024-04-11 20:38:28.061 | INFO     | __main__:train:60 - epoch 112000, train loss = 5.208380025578663e-05 val loss = 5.874458292964846e-05
2024-04-11 20:38:37.045 | INFO     | __main__:train:60 - epoch 113000, train loss = 3.779348480748013e-05 val loss = 4.241032729623839e-05
2024-04-11 20:38:45.990 | INFO     | __main__:train:60 - epoch 114000, train loss = 4.075740434927866e-05 val loss = 4.476479807635769e-05
2024-04-11 20:38:54.938 | INFO     | __main__:train:60 - epoch 115000, train loss = 4.877461105934344e-05 val loss = 4.957565033691935e-05
2024-04-11 20:39:03.920 | INFO     | __main__:train:60 - epoch 116000, train loss = 4.6253961045295e-05 val loss = 5.144545866642147e-05
2024-04-11 20:39:12.867 | INFO     | __main__:train:60 - epoch 117000, train loss = 3.776136873057112e-05 val loss = 4.2330342694185674e-05
2024-04-11 20:39:21.814 | INFO     | __main__:train:60 - epoch 118000, train loss = 3.8909376598894596e-05 val loss = 3.972552440245636e-05
2024-04-11 20:39:30.759 | INFO     | __main__:train:60 - epoch 119000, train loss = 3.4843273169826716e-05 val loss = 3.43329411407467e-05
2024-04-11 20:39:39.743 | INFO     | __main__:train:60 - epoch 120000, train loss = 8.73856624821201e-05 val loss = 9.195443999487907e-05
2024-04-11 20:39:48.693 | INFO     | __main__:train:60 - epoch 121000, train loss = 3.726777504198253e-05 val loss = 3.864470636472106e-05
2024-04-11 20:39:57.643 | INFO     | __main__:train:60 - epoch 122000, train loss = 4.460544732864946e-05 val loss = 4.782504038303159e-05
2024-04-11 20:40:06.624 | INFO     | __main__:train:60 - epoch 123000, train loss = 3.991746052633971e-05 val loss = 4.338272992754355e-05
2024-04-11 20:40:15.574 | INFO     | __main__:train:60 - epoch 124000, train loss = 3.296792056062259e-05 val loss = 3.934584674425423e-05
2024-04-11 20:40:24.519 | INFO     | __main__:train:60 - epoch 125000, train loss = 3.182155342074111e-05 val loss = 3.574244328774512e-05
2024-04-11 20:40:33.495 | INFO     | __main__:train:60 - epoch 126000, train loss = 4.127643842366524e-05 val loss = 4.4447340769693255e-05
2024-04-11 20:40:42.447 | INFO     | __main__:train:60 - epoch 127000, train loss = 3.978797030868009e-05 val loss = 3.904775803675875e-05
2024-04-11 20:40:51.396 | INFO     | __main__:train:60 - epoch 128000, train loss = 6.512168329209089e-05 val loss = 6.844010204076767e-05
2024-04-11 20:41:00.336 | INFO     | __main__:train:60 - epoch 129000, train loss = 3.454092802712694e-05 val loss = 3.662674134830013e-05
2024-04-11 20:41:09.315 | INFO     | __main__:train:60 - epoch 130000, train loss = 5.004073682357557e-05 val loss = 5.258055898593739e-05
2024-04-11 20:41:18.264 | INFO     | __main__:train:60 - epoch 131000, train loss = 5.624879486276768e-05 val loss = 6.070476956665516e-05
2024-04-11 20:41:27.210 | INFO     | __main__:train:60 - epoch 132000, train loss = 4.1903247620211914e-05 val loss = 4.501261719269678e-05
2024-04-11 20:41:36.188 | INFO     | __main__:train:60 - epoch 133000, train loss = 3.109610406681895e-05 val loss = 3.083424235228449e-05
2024-04-11 20:41:45.136 | INFO     | __main__:train:60 - epoch 134000, train loss = 4.1804123611655086e-05 val loss = 4.5313852751860395e-05
2024-04-11 20:41:54.085 | INFO     | __main__:train:60 - epoch 135000, train loss = 3.5421064239926636e-05 val loss = 3.645648394012824e-05
2024-04-11 20:42:03.061 | INFO     | __main__:train:60 - epoch 136000, train loss = 3.182009095326066e-05 val loss = 3.3401513064745814e-05
2024-04-11 20:42:12.013 | INFO     | __main__:train:60 - epoch 137000, train loss = 7.47484591556713e-05 val loss = 7.713507511653006e-05
2024-04-11 20:42:20.966 | INFO     | __main__:train:60 - epoch 138000, train loss = 3.206052861060016e-05 val loss = 3.460793959675357e-05
2024-04-11 20:42:29.915 | INFO     | __main__:train:60 - epoch 139000, train loss = 4.160024400334805e-05 val loss = 4.326547059463337e-05
2024-04-11 20:42:38.899 | INFO     | __main__:train:60 - epoch 140000, train loss = 4.109155270271003e-05 val loss = 4.147226718487218e-05
2024-04-11 20:42:47.846 | INFO     | __main__:train:60 - epoch 141000, train loss = 4.165925201959908e-05 val loss = 4.1344119381392375e-05
2024-04-11 20:42:56.791 | INFO     | __main__:train:60 - epoch 142000, train loss = 3.3026291930582374e-05 val loss = 3.4755510569084436e-05
2024-04-11 20:43:05.773 | INFO     | __main__:train:60 - epoch 143000, train loss = 3.240393562009558e-05 val loss = 3.5040728107560426e-05
2024-04-11 20:43:14.722 | INFO     | __main__:train:60 - epoch 144000, train loss = 5.467475057230331e-05 val loss = 5.978687113383785e-05
2024-04-11 20:43:23.666 | INFO     | __main__:train:60 - epoch 145000, train loss = 5.893744310014881e-05 val loss = 6.210790161276236e-05
2024-04-11 20:43:32.644 | INFO     | __main__:train:60 - epoch 146000, train loss = 0.00010209625907009467 val loss = 9.860069258138537e-05
2024-04-11 20:43:41.595 | INFO     | __main__:train:60 - epoch 147000, train loss = 3.123604619759135e-05 val loss = 3.217207995476201e-05
2024-04-11 20:43:50.539 | INFO     | __main__:train:60 - epoch 148000, train loss = 4.331060335971415e-05 val loss = 4.547727439785376e-05
2024-04-11 20:43:59.485 | INFO     | __main__:train:60 - epoch 149000, train loss = 4.998198710381985e-05 val loss = 5.26685944350902e-05
2024-04-11 20:44:08.470 | INFO     | __main__:train:60 - epoch 150000, train loss = 5.320589116308838e-05 val loss = 5.7930890761781484e-05
2024-04-11 20:44:17.418 | INFO     | __main__:train:60 - epoch 151000, train loss = 3.245308471377939e-05 val loss = 3.5748202208196744e-05
2024-04-11 20:44:26.363 | INFO     | __main__:train:60 - epoch 152000, train loss = 3.4444910852471367e-05 val loss = 3.457614002400078e-05
2024-04-11 20:44:35.340 | INFO     | __main__:train:60 - epoch 153000, train loss = 3.7050725950393826e-05 val loss = 3.76984644390177e-05
2024-04-11 20:44:44.290 | INFO     | __main__:train:60 - epoch 154000, train loss = 4.0027571230893955e-05 val loss = 4.183716373518109e-05
2024-04-11 20:44:53.231 | INFO     | __main__:train:60 - epoch 155000, train loss = 3.0691247957292944e-05 val loss = 3.148224641336128e-05
2024-04-11 20:45:02.207 | INFO     | __main__:train:60 - epoch 156000, train loss = 3.746185757336207e-05 val loss = 4.099174839211628e-05
2024-04-11 20:45:11.156 | INFO     | __main__:train:60 - epoch 157000, train loss = 4.41341326222755e-05 val loss = 4.480802817852236e-05
2024-04-11 20:45:20.103 | INFO     | __main__:train:60 - epoch 158000, train loss = 2.9455097319441848e-05 val loss = 3.277455107308924e-05
2024-04-11 20:45:29.049 | INFO     | __main__:train:60 - epoch 159000, train loss = 3.362042480148375e-05 val loss = 3.603738150559366e-05
2024-04-11 20:45:38.027 | INFO     | __main__:train:60 - epoch 160000, train loss = 2.8823364118579775e-05 val loss = 3.2413263397756964e-05
2024-04-11 20:45:46.977 | INFO     | __main__:train:60 - epoch 161000, train loss = 3.140266562695615e-05 val loss = 3.182145883329213e-05
2024-04-11 20:45:55.930 | INFO     | __main__:train:60 - epoch 162000, train loss = 3.968672899645753e-05 val loss = 4.011017517768778e-05
2024-04-11 20:46:04.915 | INFO     | __main__:train:60 - epoch 163000, train loss = 2.844452319550328e-05 val loss = 3.0432733183261007e-05
2024-04-11 20:46:13.865 | INFO     | __main__:train:60 - epoch 164000, train loss = 4.710018401965499e-05 val loss = 4.689065826823935e-05
2024-04-11 20:46:22.813 | INFO     | __main__:train:60 - epoch 165000, train loss = 3.843476952170022e-05 val loss = 4.068719135830179e-05
2024-04-11 20:46:31.759 | INFO     | __main__:train:60 - epoch 166000, train loss = 3.453079261817038e-05 val loss = 3.776509765884839e-05
2024-04-11 20:46:40.741 | INFO     | __main__:train:60 - epoch 167000, train loss = 3.7779602280352265e-05 val loss = 4.02754194510635e-05
2024-04-11 20:46:49.689 | INFO     | __main__:train:60 - epoch 168000, train loss = 3.8861329812789336e-05 val loss = 4.292246376280673e-05
2024-04-11 20:46:58.636 | INFO     | __main__:train:60 - epoch 169000, train loss = 4.411346890265122e-05 val loss = 4.7711306251585484e-05
2024-04-11 20:47:07.619 | INFO     | __main__:train:60 - epoch 170000, train loss = 4.573877959046513e-05 val loss = 4.648859248845838e-05
2024-04-11 20:47:16.569 | INFO     | __main__:train:60 - epoch 171000, train loss = 3.396838656044565e-05 val loss = 3.8496968045365065e-05
2024-04-11 20:47:25.518 | INFO     | __main__:train:60 - epoch 172000, train loss = 2.8865721105830744e-05 val loss = 3.091733742621727e-05
2024-04-11 20:47:34.499 | INFO     | __main__:train:60 - epoch 173000, train loss = 3.1199662771541625e-05 val loss = 3.1441835744772106e-05
2024-04-11 20:47:43.450 | INFO     | __main__:train:60 - epoch 174000, train loss = 3.661125811049715e-05 val loss = 3.6000121326651424e-05
2024-04-11 20:47:52.401 | INFO     | __main__:train:60 - epoch 175000, train loss = 2.98427912639454e-05 val loss = 3.0429075195570476e-05
2024-04-11 20:48:01.345 | INFO     | __main__:train:60 - epoch 176000, train loss = 3.2639811252010986e-05 val loss = 3.325018769828603e-05
2024-04-11 20:48:10.333 | INFO     | __main__:train:60 - epoch 177000, train loss = 3.706196730490774e-05 val loss = 3.917297726729885e-05
2024-04-11 20:48:19.281 | INFO     | __main__:train:60 - epoch 178000, train loss = 3.6159573937766254e-05 val loss = 3.7703710404457524e-05
2024-04-11 20:48:28.232 | INFO     | __main__:train:60 - epoch 179000, train loss = 3.817084871116094e-05 val loss = 4.097504279343411e-05
2024-04-11 20:48:37.214 | INFO     | __main__:train:60 - epoch 180000, train loss = 4.783461554325186e-05 val loss = 4.94872874696739e-05
2024-04-11 20:48:46.166 | INFO     | __main__:train:60 - epoch 181000, train loss = 3.044701588805765e-05 val loss = 3.4683824196690693e-05
2024-04-11 20:48:55.251 | INFO     | __main__:train:60 - epoch 182000, train loss = 3.484332773950882e-05 val loss = 3.519383244565688e-05
2024-04-11 20:49:04.292 | INFO     | __main__:train:60 - epoch 183000, train loss = 3.2049687433755025e-05 val loss = 3.6589946830645204e-05
2024-04-11 20:49:13.335 | INFO     | __main__:train:60 - epoch 184000, train loss = 2.77904200629564e-05 val loss = 3.114332866971381e-05
2024-04-11 20:49:22.377 | INFO     | __main__:train:60 - epoch 185000, train loss = 2.847569339792244e-05 val loss = 2.9710292437812313e-05
2024-04-11 20:49:31.418 | INFO     | __main__:train:60 - epoch 186000, train loss = 6.647082773270085e-05 val loss = 7.012974674580619e-05
2024-04-11 20:49:40.459 | INFO     | __main__:train:60 - epoch 187000, train loss = 4.790724051417783e-05 val loss = 4.941655424772762e-05
2024-04-11 20:49:49.492 | INFO     | __main__:train:60 - epoch 188000, train loss = 3.056267451029271e-05 val loss = 3.2324009225703776e-05
2024-04-11 20:49:58.529 | INFO     | __main__:train:60 - epoch 189000, train loss = 3.336701774969697e-05 val loss = 3.6013792851008475e-05
2024-04-11 20:50:07.560 | INFO     | __main__:train:60 - epoch 190000, train loss = 2.9354441721807234e-05 val loss = 3.142175410175696e-05
2024-04-11 20:50:16.592 | INFO     | __main__:train:60 - epoch 191000, train loss = 2.961566497106105e-05 val loss = 3.22503547067754e-05
2024-04-11 20:50:25.624 | INFO     | __main__:train:60 - epoch 192000, train loss = 3.071215178351849e-05 val loss = 3.207482222933322e-05
2024-04-11 20:50:34.658 | INFO     | __main__:train:60 - epoch 193000, train loss = 3.8000587665010244e-05 val loss = 3.9445287256967276e-05
2024-04-11 20:50:43.692 | INFO     | __main__:train:60 - epoch 194000, train loss = 3.170361742377281e-05 val loss = 3.521022154018283e-05
2024-04-11 20:50:52.723 | INFO     | __main__:train:60 - epoch 195000, train loss = 3.299023228464648e-05 val loss = 3.309179373900406e-05
2024-04-11 20:51:01.753 | INFO     | __main__:train:60 - epoch 196000, train loss = 6.0887556173838675e-05 val loss = 6.115192081779242e-05
2024-04-11 20:51:10.783 | INFO     | __main__:train:60 - epoch 197000, train loss = 5.540861457120627e-05 val loss = 5.972798680886626e-05
2024-04-11 20:51:19.815 | INFO     | __main__:train:60 - epoch 198000, train loss = 3.6577137507265434e-05 val loss = 4.244768206262961e-05
2024-04-11 20:51:28.848 | INFO     | __main__:train:60 - epoch 199000, train loss = 5.005184721085243e-05 val loss = 5.044925637776032e-05
2024-04-11 20:51:37.883 | INFO     | __main__:train:60 - epoch 200000, train loss = 3.156016828143038e-05 val loss = 3.412027581362054e-05
2024-04-11 20:51:46.917 | INFO     | __main__:train:60 - epoch 201000, train loss = 5.9041078202426434e-05 val loss = 6.0519229009514675e-05
2024-04-11 20:51:55.949 | INFO     | __main__:train:60 - epoch 202000, train loss = 3.560570621630177e-05 val loss = 3.819944686256349e-05
2024-04-11 20:52:04.984 | INFO     | __main__:train:60 - epoch 203000, train loss = 3.042922617169097e-05 val loss = 3.389997436897829e-05
2024-04-11 20:52:14.015 | INFO     | __main__:train:60 - epoch 204000, train loss = 4.647891910281032e-05 val loss = 4.8630430683260784e-05
2024-04-11 20:52:23.048 | INFO     | __main__:train:60 - epoch 205000, train loss = 3.022424607479479e-05 val loss = 3.1443978514289483e-05
2024-04-11 20:52:32.078 | INFO     | __main__:train:60 - epoch 206000, train loss = 4.853879363508895e-05 val loss = 4.7810513933654875e-05
2024-04-11 20:52:41.108 | INFO     | __main__:train:60 - epoch 207000, train loss = 3.782321437029168e-05 val loss = 4.2001491237897426e-05
2024-04-11 20:52:50.140 | INFO     | __main__:train:60 - epoch 208000, train loss = 3.1269224564312026e-05 val loss = 3.513266346999444e-05
2024-04-11 20:52:59.174 | INFO     | __main__:train:60 - epoch 209000, train loss = 2.859618325601332e-05 val loss = 3.1264986319001764e-05
2024-04-11 20:53:08.209 | INFO     | __main__:train:60 - epoch 210000, train loss = 3.66824388038367e-05 val loss = 3.5041030059801415e-05
2024-04-11 20:53:17.244 | INFO     | __main__:train:60 - epoch 211000, train loss = 3.3549880754435435e-05 val loss = 3.4842047170968726e-05
2024-04-11 20:53:26.280 | INFO     | __main__:train:60 - epoch 212000, train loss = 3.002395897055976e-05 val loss = 3.1352072255685925e-05
2024-04-11 20:53:35.309 | INFO     | __main__:train:60 - epoch 213000, train loss = 2.9322602131287567e-05 val loss = 3.160959022352472e-05
2024-04-11 20:53:44.342 | INFO     | __main__:train:60 - epoch 214000, train loss = 3.14487078867387e-05 val loss = 3.157345054205507e-05
2024-04-11 20:53:53.410 | INFO     | __main__:train:60 - epoch 215000, train loss = 2.7968220820184797e-05 val loss = 2.9968105081934482e-05
2024-04-11 20:54:02.461 | INFO     | __main__:train:60 - epoch 216000, train loss = 3.324986028019339e-05 val loss = 3.6196801374899223e-05
2024-04-11 20:54:11.503 | INFO     | __main__:train:60 - epoch 217000, train loss = 2.817264430632349e-05 val loss = 3.089429810643196e-05
2024-04-11 20:54:20.535 | INFO     | __main__:train:60 - epoch 218000, train loss = 3.775605728151277e-05 val loss = 4.1909035644494e-05
2024-04-11 20:54:29.572 | INFO     | __main__:train:60 - epoch 219000, train loss = 3.273513721069321e-05 val loss = 3.3939697459572926e-05
2024-04-11 20:54:38.605 | INFO     | __main__:train:60 - epoch 220000, train loss = 2.7638976462185383e-05 val loss = 3.0217763196560554e-05
2024-04-11 20:54:47.635 | INFO     | __main__:train:60 - epoch 221000, train loss = 3.521807593642734e-05 val loss = 3.692807877087034e-05
2024-04-11 20:54:56.661 | INFO     | __main__:train:60 - epoch 222000, train loss = 4.0150720451492816e-05 val loss = 4.209904363960959e-05
2024-04-11 20:55:05.692 | INFO     | __main__:train:60 - epoch 223000, train loss = 3.231316804885864e-05 val loss = 3.40081678587012e-05
2024-04-11 20:55:14.721 | INFO     | __main__:train:60 - epoch 224000, train loss = 3.201100480509922e-05 val loss = 3.323686541989446e-05
2024-04-11 20:55:23.752 | INFO     | __main__:train:60 - epoch 225000, train loss = 2.9669401556020603e-05 val loss = 3.428065247135237e-05
2024-04-11 20:55:32.783 | INFO     | __main__:train:60 - epoch 226000, train loss = 2.88217361230636e-05 val loss = 3.2170126360142604e-05
2024-04-11 20:55:41.821 | INFO     | __main__:train:60 - epoch 227000, train loss = 3.480365194263868e-05 val loss = 3.611283318605274e-05
2024-04-11 20:55:50.855 | INFO     | __main__:train:60 - epoch 228000, train loss = 2.8312493668636307e-05 val loss = 2.9167120374040678e-05
2024-04-11 20:55:59.893 | INFO     | __main__:train:60 - epoch 229000, train loss = 3.213654053979553e-05 val loss = 3.362173811183311e-05
2024-04-11 20:56:08.930 | INFO     | __main__:train:60 - epoch 230000, train loss = 3.1941286579240113e-05 val loss = 3.407979602343403e-05
2024-04-11 20:56:17.962 | INFO     | __main__:train:60 - epoch 231000, train loss = 4.396111035021022e-05 val loss = 4.609738243743777e-05
2024-04-11 20:56:26.997 | INFO     | __main__:train:60 - epoch 232000, train loss = 2.9323171474970877e-05 val loss = 3.116128209512681e-05
2024-04-11 20:56:36.034 | INFO     | __main__:train:60 - epoch 233000, train loss = 2.8562248189700767e-05 val loss = 2.8820100851589814e-05
2024-04-11 20:56:45.067 | INFO     | __main__:train:60 - epoch 234000, train loss = 2.9665638066944666e-05 val loss = 3.3145028282888234e-05
2024-04-11 20:56:54.097 | INFO     | __main__:train:60 - epoch 235000, train loss = 2.839069020410534e-05 val loss = 3.1257528462447226e-05
2024-04-11 20:57:03.128 | INFO     | __main__:train:60 - epoch 236000, train loss = 2.8480008040787652e-05 val loss = 3.094775092904456e-05
2024-04-11 20:57:12.163 | INFO     | __main__:train:60 - epoch 237000, train loss = 3.166148962918669e-05 val loss = 3.405696043046191e-05
2024-04-11 20:57:21.196 | INFO     | __main__:train:60 - epoch 238000, train loss = 2.8242404368938878e-05 val loss = 3.1801107979845256e-05
2024-04-11 20:57:30.232 | INFO     | __main__:train:60 - epoch 239000, train loss = 3.321794429211877e-05 val loss = 3.445028778514825e-05
2024-04-11 20:57:39.267 | INFO     | __main__:train:60 - epoch 240000, train loss = 3.796011151280254e-05 val loss = 3.869924694299698e-05
2024-04-11 20:57:48.301 | INFO     | __main__:train:60 - epoch 241000, train loss = 3.619218841777183e-05 val loss = 3.850128996418789e-05
2024-04-11 20:57:57.334 | INFO     | __main__:train:60 - epoch 242000, train loss = 2.664559542608913e-05 val loss = 3.0489052733173594e-05
2024-04-11 20:58:06.366 | INFO     | __main__:train:60 - epoch 243000, train loss = 3.642324736574665e-05 val loss = 3.821404243353754e-05
2024-04-11 20:58:15.400 | INFO     | __main__:train:60 - epoch 244000, train loss = 2.8063943318556994e-05 val loss = 2.8911843401147053e-05
2024-04-11 20:58:24.434 | INFO     | __main__:train:60 - epoch 245000, train loss = 3.3557200367795303e-05 val loss = 3.7227953725960106e-05
2024-04-11 20:58:33.466 | INFO     | __main__:train:60 - epoch 246000, train loss = 3.349905091454275e-05 val loss = 3.5009907151106745e-05
2024-04-11 20:58:42.504 | INFO     | __main__:train:60 - epoch 247000, train loss = 2.7613665224635042e-05 val loss = 3.089602978434414e-05
2024-04-11 20:58:51.537 | INFO     | __main__:train:60 - epoch 248000, train loss = 2.8463025955716148e-05 val loss = 3.140368789900094e-05
2024-04-11 20:59:00.569 | INFO     | __main__:train:60 - epoch 249000, train loss = 3.0270581191871315e-05 val loss = 3.019743598997593e-05
2024-04-11 20:59:09.601 | INFO     | __main__:train:60 - epoch 250000, train loss = 3.1850668165134266e-05 val loss = 3.449876021477394e-05
2024-04-11 20:59:18.634 | INFO     | __main__:train:60 - epoch 251000, train loss = 3.4761091228574514e-05 val loss = 3.820330312009901e-05
2024-04-11 20:59:27.669 | INFO     | __main__:train:60 - epoch 252000, train loss = 2.9704100597882643e-05 val loss = 3.412548539927229e-05
2024-04-11 20:59:36.707 | INFO     | __main__:train:60 - epoch 253000, train loss = 3.846981780952774e-05 val loss = 4.022572829853743e-05
2024-04-11 20:59:45.738 | INFO     | __main__:train:60 - epoch 254000, train loss = 2.897970625781454e-05 val loss = 3.2812386052682996e-05
2024-04-11 20:59:54.774 | INFO     | __main__:train:60 - epoch 255000, train loss = 2.5794890461838804e-05 val loss = 2.9600791094708256e-05
2024-04-11 21:00:03.807 | INFO     | __main__:train:60 - epoch 256000, train loss = 3.08993439830374e-05 val loss = 3.292812834843062e-05
2024-04-11 21:00:12.841 | INFO     | __main__:train:60 - epoch 257000, train loss = 3.3030195481842384e-05 val loss = 3.59813348040916e-05
2024-04-11 21:00:21.878 | INFO     | __main__:train:60 - epoch 258000, train loss = 2.7091005904367194e-05 val loss = 3.0209535907488316e-05
2024-04-11 21:00:30.915 | INFO     | __main__:train:60 - epoch 259000, train loss = 3.433297388255596e-05 val loss = 3.511739123496227e-05
2024-04-11 21:00:39.949 | INFO     | __main__:train:60 - epoch 260000, train loss = 3.099499372183345e-05 val loss = 3.1845578632783145e-05
2024-04-11 21:00:48.984 | INFO     | __main__:train:60 - epoch 261000, train loss = 3.352918429300189e-05 val loss = 3.317652226542123e-05
2024-04-11 21:00:58.019 | INFO     | __main__:train:60 - epoch 262000, train loss = 3.534087591106072e-05 val loss = 3.89915585401468e-05
2024-04-11 21:01:07.049 | INFO     | __main__:train:60 - epoch 263000, train loss = 2.7055219106841832e-05 val loss = 3.068035584874451e-05
2024-04-11 21:01:16.078 | INFO     | __main__:train:60 - epoch 264000, train loss = 2.9772148991469294e-05 val loss = 3.061479583266191e-05
2024-04-11 21:01:25.114 | INFO     | __main__:train:60 - epoch 265000, train loss = 3.196435864083469e-05 val loss = 3.464236215222627e-05
2024-04-11 21:01:34.150 | INFO     | __main__:train:60 - epoch 266000, train loss = 2.9590075428131968e-05 val loss = 3.23313579428941e-05
2024-04-11 21:01:43.184 | INFO     | __main__:train:60 - epoch 267000, train loss = 2.676543954294175e-05 val loss = 2.9813367291353643e-05
2024-04-11 21:01:52.219 | INFO     | __main__:train:60 - epoch 268000, train loss = 3.631657818914391e-05 val loss = 3.8214278902160004e-05
2024-04-11 21:02:01.255 | INFO     | __main__:train:60 - epoch 269000, train loss = 2.634001793921925e-05 val loss = 3.230323636671528e-05
2024-04-11 21:02:10.288 | INFO     | __main__:train:60 - epoch 270000, train loss = 2.9073282348690554e-05 val loss = 3.098056185990572e-05
2024-04-11 21:02:19.321 | INFO     | __main__:train:60 - epoch 271000, train loss = 4.349443770479411e-05 val loss = 4.425333463586867e-05
2024-04-11 21:02:28.355 | INFO     | __main__:train:60 - epoch 272000, train loss = 3.0229459298425354e-05 val loss = 3.062587711610831e-05
2024-04-11 21:02:37.388 | INFO     | __main__:train:60 - epoch 273000, train loss = 2.9417689802357927e-05 val loss = 3.279026714153588e-05
2024-04-11 21:02:46.418 | INFO     | __main__:train:60 - epoch 274000, train loss = 2.6307025109417737e-05 val loss = 2.893043347285129e-05
2024-04-11 21:02:55.450 | INFO     | __main__:train:60 - epoch 275000, train loss = 2.7362773835193366e-05 val loss = 2.9615826861117966e-05
2024-04-11 21:03:04.483 | INFO     | __main__:train:60 - epoch 276000, train loss = 2.6523910491960123e-05 val loss = 2.908745955210179e-05
2024-04-11 21:03:13.517 | INFO     | __main__:train:60 - epoch 277000, train loss = 2.8685468350886367e-05 val loss = 3.076440771110356e-05
2024-04-11 21:03:22.552 | INFO     | __main__:train:60 - epoch 278000, train loss = 3.178077531629242e-05 val loss = 3.3494026865810156e-05
2024-04-11 21:03:31.589 | INFO     | __main__:train:60 - epoch 279000, train loss = 2.84509969787905e-05 val loss = 3.241498052375391e-05
2024-04-11 21:03:40.621 | INFO     | __main__:train:60 - epoch 280000, train loss = 2.782143565127626e-05 val loss = 2.8472426492953673e-05
2024-04-11 21:03:49.653 | INFO     | __main__:train:60 - epoch 281000, train loss = 2.958802542707417e-05 val loss = 3.0151828468660824e-05
2024-04-11 21:03:58.686 | INFO     | __main__:train:60 - epoch 282000, train loss = 2.665277133928612e-05 val loss = 2.888032940973062e-05
2024-04-11 21:04:07.715 | INFO     | __main__:train:60 - epoch 283000, train loss = 2.582321030786261e-05 val loss = 2.841817149601411e-05
2024-04-11 21:04:16.752 | INFO     | __main__:train:60 - epoch 284000, train loss = 2.878378472814802e-05 val loss = 3.160510823363438e-05
2024-04-11 21:04:25.787 | INFO     | __main__:train:60 - epoch 285000, train loss = 3.382433351362124e-05 val loss = 3.5517849028110504e-05
2024-04-11 21:04:34.822 | INFO     | __main__:train:60 - epoch 286000, train loss = 2.9107992304489017e-05 val loss = 3.1166913686320186e-05
2024-04-11 21:04:43.851 | INFO     | __main__:train:60 - epoch 287000, train loss = 3.67311695299577e-05 val loss = 3.927217039745301e-05
2024-04-11 21:04:52.882 | INFO     | __main__:train:60 - epoch 288000, train loss = 2.669077002792619e-05 val loss = 2.954990486614406e-05
2024-04-11 21:05:01.915 | INFO     | __main__:train:60 - epoch 289000, train loss = 2.9268787329783663e-05 val loss = 3.1332419894170016e-05
2024-04-11 21:05:10.951 | INFO     | __main__:train:60 - epoch 290000, train loss = 2.9565460863523185e-05 val loss = 3.4093696740455925e-05
2024-04-11 21:05:19.986 | INFO     | __main__:train:60 - epoch 291000, train loss = 2.9232607630547136e-05 val loss = 3.1047027732711285e-05
2024-04-11 21:05:29.022 | INFO     | __main__:train:60 - epoch 292000, train loss = 2.7709165806300007e-05 val loss = 3.072119579883292e-05
2024-04-11 21:05:38.057 | INFO     | __main__:train:60 - epoch 293000, train loss = 2.785692413453944e-05 val loss = 3.0553408578271046e-05
2024-04-11 21:05:47.091 | INFO     | __main__:train:60 - epoch 294000, train loss = 2.918266000051517e-05 val loss = 3.370686317794025e-05
2024-04-11 21:05:56.127 | INFO     | __main__:train:60 - epoch 295000, train loss = 3.746929724002257e-05 val loss = 3.80743840651121e-05
2024-04-11 21:06:05.161 | INFO     | __main__:train:60 - epoch 296000, train loss = 3.6547775380313396e-05 val loss = 3.7067875382490456e-05
2024-04-11 21:06:14.195 | INFO     | __main__:train:60 - epoch 297000, train loss = 3.9824524719733745e-05 val loss = 4.309048381401226e-05
2024-04-11 21:06:23.230 | INFO     | __main__:train:60 - epoch 298000, train loss = 2.704508187889587e-05 val loss = 2.9395507226581685e-05
2024-04-11 21:06:32.258 | INFO     | __main__:train:60 - epoch 299000, train loss = 2.9051254387013614e-05 val loss = 2.85919668385759e-05
2024-04-11 21:06:41.290 | INFO     | __main__:train:60 - epoch 300000, train loss = 2.664473868208006e-05 val loss = 2.8853517505922355e-05
2024-04-11 21:06:50.325 | INFO     | __main__:train:60 - epoch 301000, train loss = 2.5400160666322336e-05 val loss = 2.762483745755162e-05
2024-04-11 21:06:59.353 | INFO     | __main__:train:60 - epoch 302000, train loss = 2.9625762181240134e-05 val loss = 3.299034869996831e-05
2024-04-11 21:07:08.397 | INFO     | __main__:train:60 - epoch 303000, train loss = 2.7795314963441342e-05 val loss = 2.9816750611644238e-05
2024-04-11 21:07:17.434 | INFO     | __main__:train:60 - epoch 304000, train loss = 2.6140229238080792e-05 val loss = 2.8220671083545312e-05
2024-04-11 21:07:26.473 | INFO     | __main__:train:60 - epoch 305000, train loss = 2.756466892606113e-05 val loss = 3.140783519484103e-05
2024-04-11 21:07:35.508 | INFO     | __main__:train:60 - epoch 306000, train loss = 3.5719906009035185e-05 val loss = 3.9163562178146094e-05
2024-04-11 21:07:44.545 | INFO     | __main__:train:60 - epoch 307000, train loss = 2.67508457909571e-05 val loss = 2.7020207198802382e-05
2024-04-11 21:07:53.689 | INFO     | __main__:train:60 - epoch 308000, train loss = 3.6680783523479477e-05 val loss = 4.034584708278999e-05
2024-04-11 21:08:02.727 | INFO     | __main__:train:60 - epoch 309000, train loss = 2.6346897357143462e-05 val loss = 2.7498645067680627e-05
2024-04-11 21:08:11.761 | INFO     | __main__:train:60 - epoch 310000, train loss = 2.7022470021620393e-05 val loss = 2.8125152311986312e-05
2024-04-11 21:08:20.798 | INFO     | __main__:train:60 - epoch 311000, train loss = 2.6942076146951877e-05 val loss = 2.978955853905063e-05
2024-04-11 21:08:29.831 | INFO     | __main__:train:60 - epoch 312000, train loss = 2.7762536774389446e-05 val loss = 2.9548926249844953e-05
2024-04-11 21:08:38.863 | INFO     | __main__:train:60 - epoch 313000, train loss = 2.563977068348322e-05 val loss = 2.733976907620672e-05
2024-04-11 21:08:47.898 | INFO     | __main__:train:60 - epoch 314000, train loss = 2.9234457542770542e-05 val loss = 3.1230723834596574e-05
2024-04-11 21:08:56.931 | INFO     | __main__:train:60 - epoch 315000, train loss = 5.090778722660616e-05 val loss = 5.043796409154311e-05
2024-04-11 21:09:05.967 | INFO     | __main__:train:60 - epoch 316000, train loss = 3.399825800443068e-05 val loss = 3.505036875139922e-05
2024-04-11 21:09:14.998 | INFO     | __main__:train:60 - epoch 317000, train loss = 3.59127479896415e-05 val loss = 3.739277963177301e-05
2024-04-11 21:09:24.030 | INFO     | __main__:train:60 - epoch 318000, train loss = 3.623344673542306e-05 val loss = 3.8868311094120145e-05
2024-04-11 21:09:33.068 | INFO     | __main__:train:60 - epoch 319000, train loss = 2.4918663257267326e-05 val loss = 2.9143742722226307e-05
2024-04-11 21:09:42.093 | INFO     | __main__:train:60 - epoch 320000, train loss = 2.7129757654620335e-05 val loss = 2.8927845050930046e-05
2024-04-11 21:09:51.116 | INFO     | __main__:train:60 - epoch 321000, train loss = 2.599503204692155e-05 val loss = 2.795702857838478e-05
2024-04-11 21:10:00.152 | INFO     | __main__:train:60 - epoch 322000, train loss = 2.9125490982551128e-05 val loss = 3.165411908412352e-05
2024-04-11 21:10:09.181 | INFO     | __main__:train:60 - epoch 323000, train loss = 2.4389511963818222e-05 val loss = 2.805514304782264e-05
2024-04-11 21:10:18.210 | INFO     | __main__:train:60 - epoch 324000, train loss = 2.6447538402862847e-05 val loss = 3.036026464542374e-05
2024-04-11 21:10:27.244 | INFO     | __main__:train:60 - epoch 325000, train loss = 2.447746737743728e-05 val loss = 2.745252277236432e-05
2024-04-11 21:10:36.284 | INFO     | __main__:train:60 - epoch 326000, train loss = 2.614658478705678e-05 val loss = 2.939887417596765e-05
2024-04-11 21:10:45.316 | INFO     | __main__:train:60 - epoch 327000, train loss = 4.094520045327954e-05 val loss = 4.3583131628111005e-05
2024-04-11 21:10:54.349 | INFO     | __main__:train:60 - epoch 328000, train loss = 2.4528600988560356e-05 val loss = 2.6703084586188197e-05
2024-04-11 21:11:03.386 | INFO     | __main__:train:60 - epoch 329000, train loss = 2.5892426492646337e-05 val loss = 2.867640068870969e-05
2024-04-11 21:11:12.420 | INFO     | __main__:train:60 - epoch 330000, train loss = 2.6374411390861496e-05 val loss = 2.800581387418788e-05
2024-04-11 21:11:21.460 | INFO     | __main__:train:60 - epoch 331000, train loss = 3.256162744946778e-05 val loss = 3.683503018692136e-05
2024-04-11 21:11:30.499 | INFO     | __main__:train:60 - epoch 332000, train loss = 2.6100853574462235e-05 val loss = 2.913230491685681e-05
2024-04-11 21:11:39.537 | INFO     | __main__:train:60 - epoch 333000, train loss = 2.7768906875280663e-05 val loss = 2.9642742447322235e-05
2024-04-11 21:11:48.573 | INFO     | __main__:train:60 - epoch 334000, train loss = 2.9433331292239018e-05 val loss = 3.224334795959294e-05
2024-04-11 21:11:57.610 | INFO     | __main__:train:60 - epoch 335000, train loss = 2.443282755848486e-05 val loss = 2.9444856409099884e-05
2024-04-11 21:12:06.648 | INFO     | __main__:train:60 - epoch 336000, train loss = 2.6037108909804374e-05 val loss = 2.7295982363284566e-05
2024-04-11 21:12:15.683 | INFO     | __main__:train:60 - epoch 337000, train loss = 2.8763288355548866e-05 val loss = 3.139542604913004e-05
2024-04-11 21:12:24.720 | INFO     | __main__:train:60 - epoch 338000, train loss = 3.892631139024161e-05 val loss = 3.977172673330642e-05
2024-04-11 21:12:33.752 | INFO     | __main__:train:60 - epoch 339000, train loss = 2.9427774279611185e-05 val loss = 3.171412390656769e-05
2024-04-11 21:12:42.788 | INFO     | __main__:train:60 - epoch 340000, train loss = 2.5992834707722068e-05 val loss = 2.806562952173408e-05
2024-04-11 21:12:51.826 | INFO     | __main__:train:60 - epoch 341000, train loss = 3.7028774386271834e-05 val loss = 3.930949606001377e-05
2024-04-11 21:13:00.866 | INFO     | __main__:train:60 - epoch 342000, train loss = 2.4576158466516063e-05 val loss = 2.6351357519160956e-05
2024-04-11 21:13:09.903 | INFO     | __main__:train:60 - epoch 343000, train loss = 2.635698183439672e-05 val loss = 2.6992318453267217e-05
2024-04-11 21:13:18.939 | INFO     | __main__:train:60 - epoch 344000, train loss = 2.494156069587916e-05 val loss = 2.8678532544290647e-05
2024-04-11 21:13:27.973 | INFO     | __main__:train:60 - epoch 345000, train loss = 2.454855348332785e-05 val loss = 2.805905751301907e-05
2024-04-11 21:13:37.011 | INFO     | __main__:train:60 - epoch 346000, train loss = 3.6379555240273476e-05 val loss = 4.027300019515678e-05
2024-04-11 21:13:46.047 | INFO     | __main__:train:60 - epoch 347000, train loss = 2.4497359845554456e-05 val loss = 2.521873830119148e-05
2024-04-11 21:13:55.083 | INFO     | __main__:train:60 - epoch 348000, train loss = 2.4195218429667875e-05 val loss = 2.66231108980719e-05
2024-04-11 21:14:04.118 | INFO     | __main__:train:60 - epoch 349000, train loss = 2.597729690023698e-05 val loss = 2.8344225938781165e-05
2024-04-11 21:14:13.154 | INFO     | __main__:train:60 - epoch 350000, train loss = 2.6267525754519738e-05 val loss = 2.907657835748978e-05
2024-04-11 21:14:22.185 | INFO     | __main__:train:60 - epoch 351000, train loss = 2.5579312932677567e-05 val loss = 2.8817412385251373e-05
2024-04-11 21:14:31.226 | INFO     | __main__:train:60 - epoch 352000, train loss = 2.476325425959658e-05 val loss = 2.9610633646370843e-05
2024-04-11 21:14:40.258 | INFO     | __main__:train:60 - epoch 353000, train loss = 2.3776981834089383e-05 val loss = 2.72448032774264e-05
2024-04-11 21:14:49.293 | INFO     | __main__:train:60 - epoch 354000, train loss = 2.435489477647934e-05 val loss = 2.686243169591762e-05
2024-04-11 21:14:58.329 | INFO     | __main__:train:60 - epoch 355000, train loss = 2.9329125027288683e-05 val loss = 3.381327405804768e-05
2024-04-11 21:15:07.368 | INFO     | __main__:train:60 - epoch 356000, train loss = 2.5188490326399915e-05 val loss = 2.8242648113518953e-05
2024-04-11 21:15:16.401 | INFO     | __main__:train:60 - epoch 357000, train loss = 3.0558174330508336e-05 val loss = 3.1266186852008104e-05
2024-04-11 21:15:25.441 | INFO     | __main__:train:60 - epoch 358000, train loss = 3.2683692552382126e-05 val loss = 3.253524118917994e-05
2024-04-11 21:15:34.480 | INFO     | __main__:train:60 - epoch 359000, train loss = 3.4433054679539055e-05 val loss = 3.6190918763168156e-05
2024-04-11 21:15:43.513 | INFO     | __main__:train:60 - epoch 360000, train loss = 2.6296882424503565e-05 val loss = 2.813452374539338e-05
2024-04-11 21:15:52.548 | INFO     | __main__:train:60 - epoch 361000, train loss = 2.328084156033583e-05 val loss = 2.5906010705512017e-05
2024-04-11 21:16:01.586 | INFO     | __main__:train:60 - epoch 362000, train loss = 2.3125438019633293e-05 val loss = 2.550748104113154e-05
2024-04-11 21:16:10.625 | INFO     | __main__:train:60 - epoch 363000, train loss = 2.6513196644373238e-05 val loss = 2.8125639801146463e-05
2024-04-11 21:16:19.660 | INFO     | __main__:train:60 - epoch 364000, train loss = 2.3333850549533963e-05 val loss = 2.6216224796371534e-05
2024-04-11 21:16:28.699 | INFO     | __main__:train:60 - epoch 365000, train loss = 2.5022316549438983e-05 val loss = 2.7419264370109886e-05
2024-04-11 21:16:37.737 | INFO     | __main__:train:60 - epoch 366000, train loss = 2.9306866053957492e-05 val loss = 3.1265859433915466e-05
2024-04-11 21:16:46.768 | INFO     | __main__:train:60 - epoch 367000, train loss = 2.4280801881104708e-05 val loss = 2.6611505745677277e-05
2024-04-11 21:16:55.809 | INFO     | __main__:train:60 - epoch 368000, train loss = 2.6610057830112055e-05 val loss = 2.8863534680567682e-05
2024-04-11 21:17:04.846 | INFO     | __main__:train:60 - epoch 369000, train loss = 2.4743691028561443e-05 val loss = 2.614925688249059e-05
2024-04-11 21:17:13.877 | INFO     | __main__:train:60 - epoch 370000, train loss = 2.4908280465751886e-05 val loss = 2.6851885195355862e-05
2024-04-11 21:17:22.915 | INFO     | __main__:train:60 - epoch 371000, train loss = 2.5668239686638117e-05 val loss = 2.8493819627328776e-05
2024-04-11 21:17:31.955 | INFO     | __main__:train:60 - epoch 372000, train loss = 2.5469424144830555e-05 val loss = 2.760065035545267e-05
2024-04-11 21:17:40.995 | INFO     | __main__:train:60 - epoch 373000, train loss = 2.255458093713969e-05 val loss = 2.5459523385507055e-05
2024-04-11 21:17:50.030 | INFO     | __main__:train:60 - epoch 374000, train loss = 2.9098531740601175e-05 val loss = 3.069031299673952e-05
2024-04-11 21:17:59.063 | INFO     | __main__:train:60 - epoch 375000, train loss = 2.6082692784257233e-05 val loss = 2.6723580958787352e-05
2024-04-11 21:18:08.090 | INFO     | __main__:train:60 - epoch 376000, train loss = 2.5541772629367188e-05 val loss = 2.5898079911712557e-05
2024-04-11 21:18:17.088 | INFO     | __main__:train:60 - epoch 377000, train loss = 2.4390043108724058e-05 val loss = 2.5983754312619567e-05
2024-04-11 21:18:26.121 | INFO     | __main__:train:60 - epoch 378000, train loss = 2.480154944350943e-05 val loss = 2.7411224436946213e-05
2024-04-11 21:18:35.158 | INFO     | __main__:train:60 - epoch 379000, train loss = 2.4454118829453364e-05 val loss = 2.6180670829489827e-05
2024-04-11 21:18:44.199 | INFO     | __main__:train:60 - epoch 380000, train loss = 2.4744116672081873e-05 val loss = 2.6815139790414833e-05
2024-04-11 21:18:53.237 | INFO     | __main__:train:60 - epoch 381000, train loss = 2.3442817109753378e-05 val loss = 2.479226532159373e-05
2024-04-11 21:19:02.272 | INFO     | __main__:train:60 - epoch 382000, train loss = 2.5304954760940745e-05 val loss = 2.728017352637835e-05
2024-04-11 21:19:11.302 | INFO     | __main__:train:60 - epoch 383000, train loss = 2.2752450604457408e-05 val loss = 2.639655394887086e-05
2024-04-11 21:19:20.336 | INFO     | __main__:train:60 - epoch 384000, train loss = 2.4274413590319455e-05 val loss = 2.5461189579800703e-05
2024-04-11 21:19:29.370 | INFO     | __main__:train:60 - epoch 385000, train loss = 2.3435719413100742e-05 val loss = 2.716434028116055e-05
2024-04-11 21:19:38.405 | INFO     | __main__:train:60 - epoch 386000, train loss = 2.1881887732888572e-05 val loss = 2.4569128072471358e-05
2024-04-11 21:19:47.438 | INFO     | __main__:train:60 - epoch 387000, train loss = 2.2752539734938182e-05 val loss = 2.393638715147972e-05
2024-04-11 21:19:56.477 | INFO     | __main__:train:60 - epoch 388000, train loss = 2.2358508431352675e-05 val loss = 2.5875293431454338e-05
2024-04-11 21:20:05.510 | INFO     | __main__:train:60 - epoch 389000, train loss = 2.410772503935732e-05 val loss = 2.6826750399777666e-05
2024-04-11 21:20:14.546 | INFO     | __main__:train:60 - epoch 390000, train loss = 2.2795436962042004e-05 val loss = 2.454144305374939e-05
2024-04-11 21:20:23.582 | INFO     | __main__:train:60 - epoch 391000, train loss = 2.9853406886104494e-05 val loss = 3.224601096007973e-05
2024-04-11 21:20:32.621 | INFO     | __main__:train:60 - epoch 392000, train loss = 2.3110489564714953e-05 val loss = 2.596438571345061e-05
2024-04-11 21:20:41.656 | INFO     | __main__:train:60 - epoch 393000, train loss = 2.2307916879071854e-05 val loss = 2.5226810976164415e-05
2024-04-11 21:20:50.690 | INFO     | __main__:train:60 - epoch 394000, train loss = 2.19650573853869e-05 val loss = 2.2520012862514704e-05
2024-04-11 21:20:59.722 | INFO     | __main__:train:60 - epoch 395000, train loss = 2.8961250791326165e-05 val loss = 3.0340055673150346e-05
2024-04-11 21:21:08.753 | INFO     | __main__:train:60 - epoch 396000, train loss = 2.5366400222992525e-05 val loss = 2.491968552931212e-05
2024-04-11 21:21:17.790 | INFO     | __main__:train:60 - epoch 397000, train loss = 2.52702011493966e-05 val loss = 2.563047019066289e-05
2024-04-11 21:21:26.823 | INFO     | __main__:train:60 - epoch 398000, train loss = 2.2527452529175207e-05 val loss = 2.3884684196673334e-05
2024-04-11 21:21:35.863 | INFO     | __main__:train:60 - epoch 399000, train loss = 2.4744473194004968e-05 val loss = 2.6317149604437873e-05
2024-04-11 21:21:44.925 | INFO     | __main__:train:60 - epoch 400000, train loss = 3.485847992124036e-05 val loss = 3.418322012294084e-05
2024-04-11 21:21:54.040 | INFO     | __main__:train:60 - epoch 401000, train loss = 2.17276974581182e-05 val loss = 2.357155244681053e-05
2024-04-11 21:22:03.060 | INFO     | __main__:train:60 - epoch 402000, train loss = 2.2053807697375305e-05 val loss = 2.398451033513993e-05
2024-04-11 21:22:12.083 | INFO     | __main__:train:60 - epoch 403000, train loss = 2.4977252905955538e-05 val loss = 2.627740104799159e-05
2024-04-11 21:22:21.266 | INFO     | __main__:train:60 - epoch 404000, train loss = 2.1712934540119022e-05 val loss = 2.3304384740185924e-05
2024-04-11 21:22:30.332 | INFO     | __main__:train:60 - epoch 405000, train loss = 3.025930345756933e-05 val loss = 2.9230694053694606e-05
2024-04-11 21:22:39.342 | INFO     | __main__:train:60 - epoch 406000, train loss = 2.5016397557919845e-05 val loss = 2.77601538982708e-05
2024-04-11 21:22:48.294 | INFO     | __main__:train:60 - epoch 407000, train loss = 2.3608223273186013e-05 val loss = 2.3903856344986707e-05
2024-04-11 21:22:57.273 | INFO     | __main__:train:60 - epoch 408000, train loss = 2.2026459191692993e-05 val loss = 2.367098022659775e-05
2024-04-11 21:23:06.227 | INFO     | __main__:train:60 - epoch 409000, train loss = 3.0205312214093283e-05 val loss = 3.078068402828649e-05
2024-04-11 21:23:15.177 | INFO     | __main__:train:60 - epoch 410000, train loss = 2.2499119950225577e-05 val loss = 2.5316527171526104e-05
2024-04-11 21:23:24.151 | INFO     | __main__:train:60 - epoch 411000, train loss = 2.2543470549862832e-05 val loss = 2.5674908101791516e-05
2024-04-11 21:23:33.104 | INFO     | __main__:train:60 - epoch 412000, train loss = 2.84828020085115e-05 val loss = 2.7341509849065915e-05
2024-04-11 21:23:42.059 | INFO     | __main__:train:60 - epoch 413000, train loss = 2.1773350454168394e-05 val loss = 2.378765566390939e-05
2024-04-11 21:23:51.036 | INFO     | __main__:train:60 - epoch 414000, train loss = 2.5495581212453544e-05 val loss = 2.7948644856223837e-05
2024-04-11 21:23:59.992 | INFO     | __main__:train:60 - epoch 415000, train loss = 2.194529770349618e-05 val loss = 2.3708327717031352e-05
2024-04-11 21:24:08.943 | INFO     | __main__:train:60 - epoch 416000, train loss = 2.6975301807397045e-05 val loss = 2.823363320203498e-05
2024-04-11 21:24:17.973 | INFO     | __main__:train:60 - epoch 417000, train loss = 4.922318476019427e-05 val loss = 5.4240081226453185e-05
2024-04-11 21:24:27.152 | INFO     | __main__:train:60 - epoch 418000, train loss = 2.1268233467708342e-05 val loss = 2.4419732653768733e-05
2024-04-11 21:24:36.104 | INFO     | __main__:train:60 - epoch 419000, train loss = 1.9908580725314096e-05 val loss = 2.2335345420287922e-05
2024-04-11 21:24:45.052 | INFO     | __main__:train:60 - epoch 420000, train loss = 2.748483711911831e-05 val loss = 3.0613038688898087e-05
2024-04-11 21:24:54.030 | INFO     | __main__:train:60 - epoch 421000, train loss = 2.158065399271436e-05 val loss = 2.30298210226465e-05
2024-04-11 21:25:02.982 | INFO     | __main__:train:60 - epoch 422000, train loss = 2.1825804651598446e-05 val loss = 2.430692438792903e-05
2024-04-11 21:25:11.935 | INFO     | __main__:train:60 - epoch 423000, train loss = 1.9495262677082792e-05 val loss = 2.1338129954528995e-05
2024-04-11 21:25:20.912 | INFO     | __main__:train:60 - epoch 424000, train loss = 2.0673458493547514e-05 val loss = 2.218549525423441e-05
2024-04-11 21:25:29.865 | INFO     | __main__:train:60 - epoch 425000, train loss = 2.1001753339078277e-05 val loss = 2.3178321498562582e-05
2024-04-11 21:25:38.814 | INFO     | __main__:train:60 - epoch 426000, train loss = 1.911892104544677e-05 val loss = 2.1104417101014405e-05
2024-04-11 21:25:47.764 | INFO     | __main__:train:60 - epoch 427000, train loss = 1.8189632100984454e-05 val loss = 2.107331238221377e-05
2024-04-11 21:25:56.754 | INFO     | __main__:train:60 - epoch 428000, train loss = 1.9491462808218785e-05 val loss = 2.046887675533071e-05
2024-04-11 21:26:05.704 | INFO     | __main__:train:60 - epoch 429000, train loss = 2.0392259102663957e-05 val loss = 2.2372072635334916e-05
2024-04-11 21:26:14.657 | INFO     | __main__:train:60 - epoch 430000, train loss = 2.8341086363070644e-05 val loss = 2.9613780498038977e-05
2024-04-11 21:26:23.637 | INFO     | __main__:train:60 - epoch 431000, train loss = 2.686586230993271e-05 val loss = 2.8181593734188937e-05
2024-04-11 21:26:32.588 | INFO     | __main__:train:60 - epoch 432000, train loss = 1.9343697204021737e-05 val loss = 2.168008722946979e-05
2024-04-11 21:26:41.537 | INFO     | __main__:train:60 - epoch 433000, train loss = 2.1644678781740367e-05 val loss = 2.3227139536174946e-05
2024-04-11 21:26:50.513 | INFO     | __main__:train:60 - epoch 434000, train loss = 1.8799742974806577e-05 val loss = 2.1018433471908793e-05
2024-04-11 21:26:59.466 | INFO     | __main__:train:60 - epoch 435000, train loss = 1.7669495719019324e-05 val loss = 1.7824815586209297e-05
2024-04-11 21:27:08.413 | INFO     | __main__:train:60 - epoch 436000, train loss = 1.902296753542032e-05 val loss = 2.013128687394783e-05
2024-04-11 21:27:17.361 | INFO     | __main__:train:60 - epoch 437000, train loss = 1.7541100532980636e-05 val loss = 1.845175211201422e-05
2024-04-11 21:27:26.339 | INFO     | __main__:train:60 - epoch 438000, train loss = 2.067736568278633e-05 val loss = 2.1393025235738605e-05
2024-04-11 21:27:35.288 | INFO     | __main__:train:60 - epoch 439000, train loss = 2.1911746443947777e-05 val loss = 2.2854081180412322e-05
2024-04-11 21:27:44.240 | INFO     | __main__:train:60 - epoch 440000, train loss = 2.353916352149099e-05 val loss = 2.322073487448506e-05
2024-04-11 21:27:53.214 | INFO     | __main__:train:60 - epoch 441000, train loss = 2.316690734005533e-05 val loss = 2.2290574634098448e-05
2024-04-11 21:28:02.165 | INFO     | __main__:train:60 - epoch 442000, train loss = 1.9844308553729206e-05 val loss = 2.1508705685846508e-05
2024-04-11 21:28:11.116 | INFO     | __main__:train:60 - epoch 443000, train loss = 2.1860378183191642e-05 val loss = 2.3758475435897708e-05
2024-04-11 21:28:20.091 | INFO     | __main__:train:60 - epoch 444000, train loss = 1.7953450878849253e-05 val loss = 1.785560743883252e-05
2024-04-11 21:28:29.046 | INFO     | __main__:train:60 - epoch 445000, train loss = 1.7737078451318666e-05 val loss = 1.8765393178910017e-05
2024-04-11 21:28:37.995 | INFO     | __main__:train:60 - epoch 446000, train loss = 1.6828485968289897e-05 val loss = 1.8022994481725618e-05
2024-04-11 21:28:46.945 | INFO     | __main__:train:60 - epoch 447000, train loss = 2.714047150220722e-05 val loss = 2.8931593988090754e-05
2024-04-11 21:28:55.924 | INFO     | __main__:train:60 - epoch 448000, train loss = 1.8120481399819255e-05 val loss = 1.8336131688556634e-05
2024-04-11 21:29:04.875 | INFO     | __main__:train:60 - epoch 449000, train loss = 1.8430711861583404e-05 val loss = 1.9466455341898836e-05
2024-04-11 21:29:13.824 | INFO     | __main__:train:60 - epoch 450000, train loss = 1.6690992197254673e-05 val loss = 1.7736354493536055e-05
2024-04-11 21:29:22.794 | INFO     | __main__:train:60 - epoch 451000, train loss = 1.758356302161701e-05 val loss = 1.8857284885598347e-05
2024-04-11 21:29:31.749 | INFO     | __main__:train:60 - epoch 452000, train loss = 1.6783398677944206e-05 val loss = 1.6472640709253028e-05
2024-04-11 21:29:40.700 | INFO     | __main__:train:60 - epoch 453000, train loss = 1.5723364413133822e-05 val loss = 1.6296364265144803e-05
2024-04-11 21:29:49.679 | INFO     | __main__:train:60 - epoch 454000, train loss = 1.997143408516422e-05 val loss = 1.916427572723478e-05
2024-04-11 21:29:58.651 | INFO     | __main__:train:60 - epoch 455000, train loss = 1.571491884533316e-05 val loss = 1.622440140636172e-05
2024-04-11 21:30:07.605 | INFO     | __main__:train:60 - epoch 456000, train loss = 1.490707290940918e-05 val loss = 1.5000709936430212e-05
2024-04-11 21:30:16.558 | INFO     | __main__:train:60 - epoch 457000, train loss = 1.4894616469973698e-05 val loss = 1.5507439456996508e-05
2024-04-11 21:30:25.541 | INFO     | __main__:train:60 - epoch 458000, train loss = 1.709421121631749e-05 val loss = 1.869912193797063e-05
2024-04-11 21:30:34.492 | INFO     | __main__:train:60 - epoch 459000, train loss = 1.655450978432782e-05 val loss = 1.633332976780366e-05
2024-04-11 21:30:43.439 | INFO     | __main__:train:60 - epoch 460000, train loss = 1.7941154510481283e-05 val loss = 1.8581729818833992e-05
2024-04-11 21:30:52.423 | INFO     | __main__:train:60 - epoch 461000, train loss = 1.7083075363188982e-05 val loss = 1.6937090549618006e-05
2024-04-11 21:31:01.377 | INFO     | __main__:train:60 - epoch 462000, train loss = 1.4508146705338731e-05 val loss = 1.5363893908215687e-05
2024-04-11 21:31:10.329 | INFO     | __main__:train:60 - epoch 463000, train loss = 1.450726358598331e-05 val loss = 1.466521371185081e-05
2024-04-11 21:31:19.280 | INFO     | __main__:train:60 - epoch 464000, train loss = 1.700576103758067e-05 val loss = 1.8926430129795335e-05
2024-04-11 21:31:28.263 | INFO     | __main__:train:60 - epoch 465000, train loss = 1.6603682524873875e-05 val loss = 1.823264938138891e-05
2024-04-11 21:31:37.220 | INFO     | __main__:train:60 - epoch 466000, train loss = 1.4706722140545025e-05 val loss = 1.5156998415477574e-05
2024-04-11 21:31:46.173 | INFO     | __main__:train:60 - epoch 467000, train loss = 1.3723184565606061e-05 val loss = 1.4903448573022615e-05
2024-04-11 21:31:55.155 | INFO     | __main__:train:60 - epoch 468000, train loss = 1.4457605175266508e-05 val loss = 1.5047997294459492e-05
2024-04-11 21:32:04.110 | INFO     | __main__:train:60 - epoch 469000, train loss = 1.4118226317805238e-05 val loss = 1.4439567166846246e-05
2024-04-11 21:32:13.063 | INFO     | __main__:train:60 - epoch 470000, train loss = 1.6583615433773957e-05 val loss = 1.780961247277446e-05
2024-04-11 21:32:22.045 | INFO     | __main__:train:60 - epoch 471000, train loss = 1.4413350982067641e-05 val loss = 1.5428495316882618e-05
2024-04-11 21:32:30.997 | INFO     | __main__:train:60 - epoch 472000, train loss = 1.3661624507221859e-05 val loss = 1.4380977518158033e-05
2024-04-11 21:32:39.953 | INFO     | __main__:train:60 - epoch 473000, train loss = 1.4381615983438678e-05 val loss = 1.4815638678555842e-05
2024-04-11 21:32:48.903 | INFO     | __main__:train:60 - epoch 474000, train loss = 1.4579451089957729e-05 val loss = 1.5488309145439416e-05
2024-04-11 21:32:57.891 | INFO     | __main__:train:60 - epoch 475000, train loss = 1.2918441825604532e-05 val loss = 1.3880556252843235e-05
2024-04-11 21:33:06.847 | INFO     | __main__:train:60 - epoch 476000, train loss = 1.3214248610893264e-05 val loss = 1.3700782801606692e-05
2024-04-11 21:33:15.799 | INFO     | __main__:train:60 - epoch 477000, train loss = 1.3121838492224924e-05 val loss = 1.4352649486681912e-05
2024-04-11 21:33:24.784 | INFO     | __main__:train:60 - epoch 478000, train loss = 1.3774104445474222e-05 val loss = 1.4921695765224285e-05
2024-04-11 21:33:33.738 | INFO     | __main__:train:60 - epoch 479000, train loss = 1.5277244528988376e-05 val loss = 1.542521931696683e-05
2024-04-11 21:33:42.694 | INFO     | __main__:train:60 - epoch 480000, train loss = 1.2960570529685356e-05 val loss = 1.3963859601062723e-05
2024-04-11 21:33:51.744 | INFO     | __main__:train:60 - epoch 481000, train loss = 1.4182147424435243e-05 val loss = 1.482155767007498e-05
2024-04-11 21:34:00.756 | INFO     | __main__:train:60 - epoch 482000, train loss = 1.2566510122269392e-05 val loss = 1.3685015801456757e-05
2024-04-11 21:34:09.710 | INFO     | __main__:train:60 - epoch 483000, train loss = 1.4631947124144062e-05 val loss = 1.5121654541871976e-05
2024-04-11 21:34:18.659 | INFO     | __main__:train:60 - epoch 484000, train loss = 1.2885185242339503e-05 val loss = 1.3361401215661317e-05
2024-04-11 21:34:27.648 | INFO     | __main__:train:60 - epoch 485000, train loss = 1.2468162822187878e-05 val loss = 1.3370276064961217e-05
2024-04-11 21:34:36.602 | INFO     | __main__:train:60 - epoch 486000, train loss = 1.1882794751727488e-05 val loss = 1.2946682545589283e-05
2024-04-11 21:34:45.583 | INFO     | __main__:train:60 - epoch 487000, train loss = 1.5321726095862687e-05 val loss = 1.6540487195015885e-05
2024-04-11 21:34:54.564 | INFO     | __main__:train:60 - epoch 488000, train loss = 1.2243113815202378e-05 val loss = 1.2994071767025162e-05
2024-04-11 21:35:03.528 | INFO     | __main__:train:60 - epoch 489000, train loss = 1.4207756976247765e-05 val loss = 1.4927460142644122e-05
2024-04-11 21:35:12.485 | INFO     | __main__:train:60 - epoch 490000, train loss = 1.3575183402281255e-05 val loss = 1.407993295288179e-05
2024-04-11 21:35:21.472 | INFO     | __main__:train:60 - epoch 491000, train loss = 1.3473108992911875e-05 val loss = 1.5529136362602003e-05
2024-04-11 21:35:30.426 | INFO     | __main__:train:60 - epoch 492000, train loss = 1.1500738764880225e-05 val loss = 1.232187423738651e-05
2024-04-11 21:35:39.451 | INFO     | __main__:train:60 - epoch 493000, train loss = 1.2970795978617389e-05 val loss = 1.3815482816426083e-05
2024-04-11 21:35:48.404 | INFO     | __main__:train:60 - epoch 494000, train loss = 1.2198694093967788e-05 val loss = 1.347562010778347e-05
2024-04-11 21:35:57.375 | INFO     | __main__:train:60 - epoch 495000, train loss = 1.2842021533288062e-05 val loss = 1.432948192814365e-05
2024-04-11 21:36:06.431 | INFO     | __main__:train:60 - epoch 496000, train loss = 1.2204704034957103e-05 val loss = 1.2756379874190316e-05
2024-04-11 21:36:15.388 | INFO     | __main__:train:60 - epoch 497000, train loss = 1.303438148170244e-05 val loss = 1.3460801710607484e-05
2024-04-11 21:36:24.372 | INFO     | __main__:train:60 - epoch 498000, train loss = 1.2199578122817911e-05 val loss = 1.3347897038329393e-05
2024-04-11 21:36:33.332 | INFO     | __main__:train:60 - epoch 499000, train loss = 1.1619184078881517e-05 val loss = 1.2693826647591777e-05
2024-04-11 21:36:42.283 | INFO     | __main__:train:60 - epoch 500000, train loss = 1.1119553164462559e-05 val loss = 1.192104991787346e-05
