===========================================================================
         ________    _________   _______       __     _________            
        |        |\ |        |\ |       \\    |  |\  /         \\          
        |    ____|| |    ____|| |    __  ||   |__|| |    ___    ||         
        |   |\___\| |   |\___\| |   |\_| ||    \_\| |   //  \   ||         
        |   ||__    |   ||__    |   ||_| ||   |  |\ |  ||    |  ||         
        |       |\  |       |\  |         \\  |  || |  ||    |  ||         
        |    ___||  |    ___||  |    ___   || |  || |  ||    |  ||         
        |   |\__\|  |   |\__\|  |   |\__|  || |  || |  ||    |  ||         
        |   ||      |   ||___   |   ||__|  || |  || |   \\__/   ||         
        |   ||      |        |\ |          || |  || |           ||         
        |___||      |________|| |_________//  |__||  \_________//          
                                                                           
      F I N I T E   E L E M E N T S   F O R   B I O M E C H A N I C S      
                                                                           
  version 4.4.0
  FEBio is a registered trademark.                                         
  copyright (c) 2006-2023 - All rights reserved                            
                                                                           
===========================================================================





 FILES USED
===========================================================================
	Input file : uniaxial_y.feb
	Plot file  : uniaxial_y.xplt
	Log file   : uniaxial_y.log


 MESH INFO
===========================================================================
	Number of materials ............................ : 1
	Number of domains .............................. : 1
	Number of nodes ................................ : 176
	Number of solid elements ....................... : 90


 MODULE
===========================================================================
	Module type ....................................... : solid


 CONTROL DATA
===========================================================================
	analysis .......................................... : STATIC (0)
	time_steps ........................................ : 10
	step_size ......................................... : 0.1
	plot_zero_state ................................... : no (0)
	plot_range ........................................ : 0,-1
	plot_level ........................................ : PLOT_MAJOR_ITRS (1)
	output_level ...................................... : OUTPUT_MAJOR_ITRS (1)
	plot_stride ....................................... : 1
	adaptor_re_solve .................................. : yes (1)
	Auto time stepper activated ....................... : yes
	  max_retries ..................................... : 5
	  opt_iter ........................................ : 11
	  dtmin ........................................... : 0
	  dtmax ........................................... : 0.1
	  aggressiveness .................................. : 0
	  cutback ......................................... : 0.5
	  dtforce ......................................... : no (0)
 SOLVER PARAMETERS
===========================================================================
	symmetric_stiffness ............................... : symmetric (1)
	equation_scheme ................................... : staggered (0)
	equation_order .................................... : default (0)
	optimize_bw ....................................... : no (0)
	lstol ............................................. : 0.9
	lsmin ............................................. : 0.01
	lsiter ............................................ : 5
	max_refs .......................................... : 15
	check_zero_diagonal ............................... : no (0)
	zero_diagonal_tol ................................. : 0
	force_partition ................................... : 0
	reform_each_time_step ............................. : yes (1)
	reform_augment .................................... : no (0)
	diverge_reform .................................... : yes (1)
	min_residual ...................................... : 1e-20
	max_residual ...................................... : 0
	dtol .............................................. : 0.001
	etol .............................................. : 0.01
	rtol .............................................. : 0
	rhoi .............................................. : -2
	alpha ............................................. : 1
	beta .............................................. : 0.25
	gamma ............................................. : 0.5
	logSolve .......................................... : no (0)
	arc_length ........................................ : 0
	arc_length_scale .................................. : 0






 MATERIAL DATA
===========================================================================
  1 - Material1 (type: solid mixture)
	density ........................................... : 1
	solid: (type: neo-Hookean)
	  density ......................................... : 1
	  E ............................................... : 1000
	  v ............................................... : 0.45
	solid: (type: fiber-exp-pow)
	  density ......................................... : 1
	  alpha ........................................... : 20
	  beta ............................................ : 3
	  ksi ............................................. : 5
	  mu .............................................. : 0
	  lam0 ............................................ : 1
	fiber: (type: vector)
	    vector ........................................ : 1,1,0


 BOUNDARY CONDITION DATA
===========================================================================
  1 -  Type: zero displacement
	x_dof ............................................. : yes (1)
	y_dof ............................................. : yes (1)
	z_dof ............................................. : yes (1)
---------------------------------------------------------------------------
  2 -  Type: prescribed displacement
	dof ............................................... : 1
	value ............................................. : 0.025
	relative .......................................... : no (0)


 LOAD CONTROLLER DATA
===========================================================================
load controller   1 - LC1 (type: loadcurve)
	interpolate ....................................... : LINEAR (0)
	extend ............................................ : CONSTANT (0)
	points ............................................ : (can't display value)


 OUTPUT DATA
===========================================================================
	plotfile format ........................... : FEBIO
 LINEAR SOLVER DATA
===========================================================================
	Default linear solver ............................. : pardiso


Data Record #1
===========================================================================
Step = 0
Time = 0
Data = Fxx;Fxy;Fxz;Fyx;Fyy;Fyz;Fzx;Fzy;Fzz
File = F

Data Record #2
===========================================================================
Step = 0
Time = 0
Data = sx;sy;sz;sxy;syz;sxz
File = sigma

 *************************************************************************
 * Selecting linear solver pardiso                                       *
 *************************************************************************

===== beginning time step 1 : 0.1 =====


Reforming stiffness matrix: reformation #1

===== reforming stiffness matrix:
	Nr of equations ........................... : 480
	Nr of nonzeroes in stiffness matrix ....... : 12840
 1
 Nonlinear solution status: time= 0.1
	stiffness updates             = 0
	right hand side evaluations   = 2
	stiffness matrix reformations = 1
	step from line search         = 1.000000
	convergence norms :     INITIAL         CURRENT         REQUIRED
	   residual            2.447850e-02    8.077343e-07    0.000000e+00 
	   energy              9.221052e-04    1.312710e-06    9.221052e-06 
	   displacement        2.726850e-04    2.726850e-04    2.726850e-10 
 2
 Nonlinear solution status: time= 0.1
	stiffness updates             = 1
	right hand side evaluations   = 3
	stiffness matrix reformations = 1
	step from line search         = 1.000000
	convergence norms :     INITIAL         CURRENT         REQUIRED
	   residual            2.447850e-02    2.780054e-10    0.000000e+00 
	   energy              9.221052e-04    3.719862e-10    9.221052e-06 
	   displacement        2.726850e-04    7.737668e-10    2.724881e-10 
 3
 Nonlinear solution status: time= 0.1
	stiffness updates             = 2
	right hand side evaluations   = 4
	stiffness matrix reformations = 1
	step from line search         = 1.000000
	convergence norms :     INITIAL         CURRENT         REQUIRED
	   residual            2.447850e-02    1.212614e-13    0.000000e+00 
	   energy              9.221052e-04    1.308963e-13    9.221052e-06 
	   displacement        2.726850e-04    5.268138e-12    2.724398e-10 

convergence summary
    number of iterations   : 3
    number of reformations : 1

------- converged at time : 0.1


Data Record #1
===========================================================================
Step = 1
Time = 0.1
Data = Fxx;Fxy;Fxz;Fyx;Fyy;Fyz;Fzx;Fzy;Fzz
File = F

Data Record #2
===========================================================================
Step = 1
Time = 0.1
Data = sx;sy;sz;sxy;syz;sxz
File = sigma

===== beginning time step 2 : 0.2 =====


Reforming stiffness matrix: reformation #1

 1
 Nonlinear solution status: time= 0.2
	stiffness updates             = 0
	right hand side evaluations   = 2
	stiffness matrix reformations = 1
	step from line search         = 1.000000
	convergence norms :     INITIAL         CURRENT         REQUIRED
	   residual            2.306971e-02    7.502743e-07    0.000000e+00 
	   energy              8.780213e-04    1.221612e-06    8.780213e-06 
	   displacement        2.721948e-04    2.721948e-04    2.721948e-10 
 2
 Nonlinear solution status: time= 0.2
	stiffness updates             = 1
	right hand side evaluations   = 3
	stiffness matrix reformations = 1
	step from line search         = 1.000000
	convergence norms :     INITIAL         CURRENT         REQUIRED
	   residual            2.306971e-02    2.486319e-10    0.000000e+00 
	   energy              8.780213e-04    3.337947e-10    8.780213e-06 
	   displacement        2.721948e-04    6.842224e-10    2.720192e-10 
 3
 Nonlinear solution status: time= 0.2
	stiffness updates             = 2
	right hand side evaluations   = 4
	stiffness matrix reformations = 1
	step from line search         = 1.000000
	convergence norms :     INITIAL         CURRENT         REQUIRED
	   residual            2.306971e-02    9.762959e-14    0.000000e+00 
	   energy              8.780213e-04    1.055071e-13    8.780213e-06 
	   displacement        2.721948e-04    4.684748e-12    2.719736e-10 

convergence summary
    number of iterations   : 3
    number of reformations : 1

------- converged at time : 0.2


Data Record #1
===========================================================================
Step = 2
Time = 0.2
Data = Fxx;Fxy;Fxz;Fyx;Fyy;Fyz;Fzx;Fzy;Fzz
File = F

Data Record #2
===========================================================================
Step = 2
Time = 0.2
Data = sx;sy;sz;sxy;syz;sxz
File = sigma

===== beginning time step 3 : 0.3 =====


Reforming stiffness matrix: reformation #1

 1
 Nonlinear solution status: time= 0.3
	stiffness updates             = 0
	right hand side evaluations   = 2
	stiffness matrix reformations = 1
	step from line search         = 1.000000
	convergence norms :     INITIAL         CURRENT         REQUIRED
	   residual            2.180437e-02    6.980621e-07    0.000000e+00 
	   energy              8.372671e-04    1.138431e-06    8.372671e-06 
	   displacement        2.717561e-04    2.717561e-04    2.717561e-10 
 2
 Nonlinear solution status: time= 0.3
	stiffness updates             = 1
	right hand side evaluations   = 3
	stiffness matrix reformations = 1
	step from line search         = 1.000000
	convergence norms :     INITIAL         CURRENT         REQUIRED
	   residual            2.180437e-02    2.229663e-10    0.000000e+00 
	   energy              8.372671e-04    3.002191e-10    8.372671e-06 
	   displacement        2.717561e-04    6.087365e-10    2.716006e-10 
 3
 Nonlinear solution status: time= 0.3
	stiffness updates             = 2
	right hand side evaluations   = 4
	stiffness matrix reformations = 1
	step from line search         = 1.000000
	convergence norms :     INITIAL         CURRENT         REQUIRED
	   residual            2.180437e-02    7.875603e-14    0.000000e+00 
	   energy              8.372671e-04    8.502497e-14    8.372671e-06 
	   displacement        2.717561e-04    4.197393e-12    2.715577e-10 

convergence summary
    number of iterations   : 3
    number of reformations : 1

------- converged at time : 0.3


Data Record #1
===========================================================================
Step = 3
Time = 0.3
Data = Fxx;Fxy;Fxz;Fyx;Fyy;Fyz;Fzx;Fzy;Fzz
File = F

Data Record #2
===========================================================================
Step = 3
Time = 0.3
Data = sx;sy;sz;sxy;syz;sxz
File = sigma

===== beginning time step 4 : 0.4 =====


Reforming stiffness matrix: reformation #1

 1
 Nonlinear solution status: time= 0.4
	stiffness updates             = 0
	right hand side evaluations   = 2
	stiffness matrix reformations = 1
	step from line search         = 1.000000
	convergence norms :     INITIAL         CURRENT         REQUIRED
	   residual            2.066365e-02    6.505081e-07    0.000000e+00 
	   energy              7.995231e-04    1.062413e-06    7.995231e-06 
	   displacement        2.713630e-04    2.713630e-04    2.713630e-10 
 2
 Nonlinear solution status: time= 0.4
	stiffness updates             = 1
	right hand side evaluations   = 3
	stiffness matrix reformations = 1
	step from line search         = 1.000000
	convergence norms :     INITIAL         CURRENT         REQUIRED
	   residual            2.066365e-02    2.004601e-10    0.000000e+00 
	   energy              7.995231e-04    2.706062e-10    7.995231e-06 
	   displacement        2.713630e-04    5.429118e-10    2.712262e-10 
 3
 Nonlinear solution status: time= 0.4
	stiffness updates             = 2
	right hand side evaluations   = 4
	stiffness matrix reformations = 1
	step from line search         = 1.000000
	convergence norms :     INITIAL         CURRENT         REQUIRED
	   residual            2.066365e-02    6.363651e-14    0.000000e+00 
	   energy              7.995231e-04    6.859579e-14    7.995231e-06 
	   displacement        2.713630e-04    3.759365e-12    2.711860e-10 

convergence summary
    number of iterations   : 3
    number of reformations : 1

------- converged at time : 0.4


Data Record #1
===========================================================================
Step = 4
Time = 0.4
Data = Fxx;Fxy;Fxz;Fyx;Fyy;Fyz;Fzx;Fzy;Fzz
File = F

Data Record #2
===========================================================================
Step = 4
Time = 0.4
Data = sx;sy;sz;sxy;syz;sxz
File = sigma

===== beginning time step 5 : 0.5 =====


Reforming stiffness matrix: reformation #1

 1
 Nonlinear solution status: time= 0.5
	stiffness updates             = 0
	right hand side evaluations   = 2
	stiffness matrix reformations = 1
	step from line search         = 1.000000
	convergence norms :     INITIAL         CURRENT         REQUIRED
	   residual            1.963167e-02    6.070898e-07    0.000000e+00 
	   energy              7.645086e-04    9.927980e-07    7.645086e-06 
	   displacement        2.710125e-04    2.710125e-04    2.710125e-10 
 2
 Nonlinear solution status: time= 0.5
	stiffness updates             = 1
	right hand side evaluations   = 3
	stiffness matrix reformations = 1
	step from line search         = 1.000000
	convergence norms :     INITIAL         CURRENT         REQUIRED
	   residual            1.963167e-02    1.806609e-10    0.000000e+00 
	   energy              7.645086e-04    2.444168e-10    7.645086e-06 
	   displacement        2.710125e-04    4.854100e-10    2.708935e-10 
 3
 Nonlinear solution status: time= 0.5
	stiffness updates             = 2
	right hand side evaluations   = 4
	stiffness matrix reformations = 1
	step from line search         = 1.000000
	convergence norms :     INITIAL         CURRENT         REQUIRED
	   residual            1.963167e-02    5.149018e-14    0.000000e+00 
	   energy              7.645086e-04    5.536796e-14    7.645086e-06 
	   displacement        2.710125e-04    3.386818e-12    2.708557e-10 

convergence summary
    number of iterations   : 3
    number of reformations : 1

------- converged at time : 0.5


Data Record #1
===========================================================================
Step = 5
Time = 0.5
Data = Fxx;Fxy;Fxz;Fyx;Fyy;Fyz;Fzx;Fzy;Fzz
File = F

Data Record #2
===========================================================================
Step = 5
Time = 0.5
Data = sx;sy;sz;sxy;syz;sxz
File = sigma

===== beginning time step 6 : 0.6 =====


Reforming stiffness matrix: reformation #1

 1
 Nonlinear solution status: time= 0.6
	stiffness updates             = 0
	right hand side evaluations   = 2
	stiffness matrix reformations = 1
	step from line search         = 1.000000
	convergence norms :     INITIAL         CURRENT         REQUIRED
	   residual            1.869495e-02    5.673457e-07    0.000000e+00 
	   energy              7.319761e-04    9.289129e-07    7.319761e-06 
	   displacement        2.707023e-04    2.707023e-04    2.707023e-10 
 2
 Nonlinear solution status: time= 0.6
	stiffness updates             = 1
	right hand side evaluations   = 3
	stiffness matrix reformations = 1
	step from line search         = 1.000000
	convergence norms :     INITIAL         CURRENT         REQUIRED
	   residual            1.869495e-02    1.631909e-10    0.000000e+00 
	   energy              7.319761e-04    2.211938e-10    7.319761e-06 
	   displacement        2.707023e-04    4.351552e-10    2.705999e-10 
 3
 Nonlinear solution status: time= 0.6
	stiffness updates             = 2
	right hand side evaluations   = 4
	stiffness matrix reformations = 1
	step from line search         = 1.000000
	convergence norms :     INITIAL         CURRENT         REQUIRED
	   residual            1.869495e-02    4.170401e-14    0.000000e+00 
	   energy              7.319761e-04    4.467569e-14    7.319761e-06 
	   displacement        2.707023e-04    3.089003e-12    2.705645e-10 

convergence summary
    number of iterations   : 3
    number of reformations : 1

------- converged at time : 0.6


Data Record #1
===========================================================================
Step = 6
Time = 0.6
Data = Fxx;Fxy;Fxz;Fyx;Fyy;Fyz;Fzx;Fzy;Fzz
File = F

Data Record #2
===========================================================================
Step = 6
Time = 0.6
Data = sx;sy;sz;sxy;syz;sxz
File = sigma

===== beginning time step 7 : 0.7 =====


Reforming stiffness matrix: reformation #1

 1
 Nonlinear solution status: time= 0.7
	stiffness updates             = 0
	right hand side evaluations   = 2
	stiffness matrix reformations = 1
	step from line search         = 1.000000
	convergence norms :     INITIAL         CURRENT         REQUIRED
	   residual            1.784209e-02    5.308628e-07    0.000000e+00 
	   energy              7.017075e-04    8.701499e-07    7.017075e-06 
	   displacement        2.704300e-04    2.704300e-04    2.704300e-10 
 2
 Nonlinear solution status: time= 0.7
	stiffness updates             = 1
	right hand side evaluations   = 3
	stiffness matrix reformations = 1
	step from line search         = 1.000000
	convergence norms :     INITIAL         CURRENT         REQUIRED
	   residual            1.784209e-02    1.477329e-10    0.000000e+00 
	   energy              7.017075e-04    2.005473e-10    7.017075e-06 
	   displacement        2.704300e-04    3.913088e-10    2.703435e-10 
 3
 Nonlinear solution status: time= 0.7
	stiffness updates             = 2
	right hand side evaluations   = 4
	stiffness matrix reformations = 1
	step from line search         = 1.000000
	convergence norms :     INITIAL         CURRENT         REQUIRED
	   residual            1.784209e-02    3.379557e-14    0.000000e+00 
	   energy              7.017075e-04    3.598877e-14    7.017075e-06 
	   displacement        2.704300e-04    2.878367e-12    2.703103e-10 

convergence summary
    number of iterations   : 3
    number of reformations : 1

------- converged at time : 0.7


Data Record #1
===========================================================================
Step = 7
Time = 0.7
Data = Fxx;Fxy;Fxz;Fyx;Fyy;Fyz;Fzx;Fzy;Fzz
File = F

Data Record #2
===========================================================================
Step = 7
Time = 0.7
Data = sx;sy;sz;sxy;syz;sxz
File = sigma

===== beginning time step 8 : 0.8 =====


Reforming stiffness matrix: reformation #1

 1
 Nonlinear solution status: time= 0.8
	stiffness updates             = 0
	right hand side evaluations   = 2
	stiffness matrix reformations = 1
	step from line search         = 1.000000
	convergence norms :     INITIAL         CURRENT         REQUIRED
	   residual            1.706341e-02    4.972652e-07    0.000000e+00 
	   energy              6.735114e-04    8.159518e-07    6.735114e-06 
	   displacement        2.701940e-04    2.701940e-04    2.701940e-10 
 2
 Nonlinear solution status: time= 0.8
	stiffness updates             = 1
	right hand side evaluations   = 3
	stiffness matrix reformations = 1
	step from line search         = 1.000000
	convergence norms :     INITIAL         CURRENT         REQUIRED
	   residual            1.706341e-02    1.340193e-10    0.000000e+00 
	   energy              6.735114e-04    1.821412e-10    6.735114e-06 
	   displacement        2.701940e-04    3.533092e-10    2.701227e-10 
 3
 Nonlinear solution status: time= 0.8
	stiffness updates             = 2
	right hand side evaluations   = 4
	stiffness matrix reformations = 1
	step from line search         = 1.000000
	convergence norms :     INITIAL         CURRENT         REQUIRED
	   residual            1.706341e-02    2.738488e-14    0.000000e+00 
	   energy              6.735114e-04    2.887664e-14    6.735114e-06 
	   displacement        2.701940e-04    2.780562e-12    2.700917e-10 

convergence summary
    number of iterations   : 3
    number of reformations : 1

------- converged at time : 0.8


Data Record #1
===========================================================================
Step = 8
Time = 0.8
Data = Fxx;Fxy;Fxz;Fyx;Fyy;Fyz;Fzx;Fzy;Fzz
File = F

Data Record #2
===========================================================================
Step = 8
Time = 0.8
Data = sx;sy;sz;sxy;syz;sxz
File = sigma

===== beginning time step 9 : 0.9 =====


Reforming stiffness matrix: reformation #1

 1
 Nonlinear solution status: time= 0.9
	stiffness updates             = 0
	right hand side evaluations   = 2
	stiffness matrix reformations = 1
	step from line search         = 1.000000
	convergence norms :     INITIAL         CURRENT         REQUIRED
	   residual            1.635069e-02    4.662013e-07    0.000000e+00 
	   energy              6.472222e-04    7.657901e-07    6.472222e-06 
	   displacement        2.699929e-04    2.699929e-04    2.699929e-10 
 2
 Nonlinear solution status: time= 0.9
	stiffness updates             = 1
	right hand side evaluations   = 3
	stiffness matrix reformations = 1
	step from line search         = 1.000000
	convergence norms :     INITIAL         CURRENT         REQUIRED
	   residual            1.635069e-02    1.218221e-10    0.000000e+00 
	   energy              6.472222e-04    1.656801e-10    6.472222e-06 
	   displacement        2.699929e-04    3.210322e-10    2.699369e-10 
 3
 Nonlinear solution status: time= 0.9
	stiffness updates             = 2
	right hand side evaluations   = 4
	stiffness matrix reformations = 1
	step from line search         = 1.000000
	convergence norms :     INITIAL         CURRENT         REQUIRED
	   residual            1.635069e-02    2.217422e-14    0.000000e+00 
	   energy              6.472222e-04    2.297962e-14    6.472222e-06 
	   displacement        2.699929e-04    2.848533e-12    2.699079e-10 

convergence summary
    number of iterations   : 3
    number of reformations : 1

------- converged at time : 0.9


Data Record #1
===========================================================================
Step = 9
Time = 0.9
Data = Fxx;Fxy;Fxz;Fyx;Fyy;Fyz;Fzx;Fzy;Fzz
File = F

Data Record #2
===========================================================================
Step = 9
Time = 0.9
Data = sx;sy;sz;sxy;syz;sxz
File = sigma

===== beginning time step 10 : 1 =====


Reforming stiffness matrix: reformation #1

 1
 Nonlinear solution status: time= 1
	stiffness updates             = 0
	right hand side evaluations   = 2
	stiffness matrix reformations = 1
	step from line search         = 1.000000
	convergence norms :     INITIAL         CURRENT         REQUIRED
	   residual            1.569708e-02    4.373280e-07    0.000000e+00 
	   energy              6.226993e-04    7.191338e-07    6.226993e-06 
	   displacement        2.698268e-04    2.698268e-04    2.698268e-10 
 2
 Nonlinear solution status: time= 1
	stiffness updates             = 1
	right hand side evaluations   = 3
	stiffness matrix reformations = 1
	step from line search         = 1.000000
	convergence norms :     INITIAL         CURRENT         REQUIRED
	   residual            1.569708e-02    1.109422e-10    0.000000e+00 
	   energy              6.226993e-04    1.508951e-10    6.226993e-06 
	   displacement        2.698268e-04    2.952177e-10    2.697866e-10 
 3
 Nonlinear solution status: time= 1
	stiffness updates             = 2
	right hand side evaluations   = 4
	stiffness matrix reformations = 1
	step from line search         = 1.000000
	convergence norms :     INITIAL         CURRENT         REQUIRED
	   residual            1.569708e-02    1.793669e-14    0.000000e+00 
	   energy              6.226993e-04    1.797765e-14    6.226993e-06 
	   displacement        2.698268e-04    3.191112e-12    2.697596e-10 

convergence summary
    number of iterations   : 3
    number of reformations : 1

------- converged at time : 1


Data Record #1
===========================================================================
Step = 10
Time = 1
Data = Fxx;Fxy;Fxz;Fyx;Fyy;Fyz;Fzx;Fzy;Fzz
File = F

Data Record #2
===========================================================================
Step = 10
Time = 1
Data = sx;sy;sz;sxy;syz;sxz
File = sigma


 N O N L I N E A R   I T E R A T I O N   I N F O R M A T I O N

	Number of time steps completed .................... : 10

	Total number of equilibrium iterations ............ : 30

	Average number of equilibrium iterations .......... : 3

	Total number of right hand evaluations ............ : 40

	Total number of stiffness reformations ............ : 10


 L I N E A R   S O L V E R   S T A T S

	Total calls to linear solver ........ : 30

	Avg iterations per solve ............ : 1

	Time in linear solver: 0:00:00


 Elapsed time : 0:00:00

 T I M I N G   I N F O R M A T I O N

	Input time ...................... : 0:00:00 (0.00203235 sec)

	Initialization time ............. : 0:00:00 (0.0155222 sec)

	Solve time ...................... : 0:00:00 (0.442414 sec)

	   IO-time (plot, dmp, data) .... : 0:00:00 (0.0311694 sec)

	   reforming stiffness .......... : 0:00:00 (0.000669297 sec)

	   evaluating stiffness ......... : 0:00:00 (0.00774237 sec)

	   evaluating residual .......... : 0:00:00 (0.111978 sec)

	   model update ................. : 0:00:00 (0.0794214 sec)

	   QN updates ................... : 0:00:00 (0.000231005 sec)

	   time in linear solver ........ : 0:00:00 (0.177014 sec)

	Total elapsed time .............. : 0:00:00 (0.459968 sec)


 N O R M A L   T E R M I N A T I O N

